[0.008s] Invoking command in '/home/ivan/ros2_ws_2501/build/f112th_sim_2501_alpha': CMAKE_PREFIX_PATH=${CMAKE_PREFIX_PATH}:/opt/ros/humble /usr/bin/cmake --build /home/ivan/ros2_ws_2501/build/f112th_sim_2501_alpha -- -j12 -l12
[0.033s] Invoked command in '/home/ivan/ros2_ws_2501/build/f112th_sim_2501_alpha' returned '0': CMAKE_PREFIX_PATH=${CMAKE_PREFIX_PATH}:/opt/ros/humble /usr/bin/cmake --build /home/ivan/ros2_ws_2501/build/f112th_sim_2501_alpha -- -j12 -l12
[0.040s] Invoking command in '/home/ivan/ros2_ws_2501/build/f112th_sim_2501_alpha': CMAKE_PREFIX_PATH=${CMAKE_PREFIX_PATH}:/opt/ros/humble /usr/bin/cmake --install /home/ivan/ros2_ws_2501/build/f112th_sim_2501_alpha
[0.045s] -- Install configuration: ""
[0.045s] -- Execute custom install script
[0.046s] -- Up-to-date symlink: /home/ivan/ros2_ws_2501/install/f112th_sim_2501_alpha/share/f112th_sim_2501_alpha/config/empty.yaml
[0.046s] [33mCMake Warning (dev) at ament_cmake_symlink_install/ament_cmake_symlink_install.cmake:62 (file):
[0.046s]   Policy CMP0009 is not set: FILE GLOB_RECURSE calls should not follow
[0.046s]   symlinks by default.  Run "cmake --help-policy CMP0009" for policy details.
[0.046s]   Use the cmake_policy command to set the policy and suppress this warning.
[0.046s] Call Stack (most recent call first):
[0.046s]   ament_cmake_symlink_install/ament_cmake_symlink_install.cmake:314 (ament_cmake_symlink_install_directory)
[0.046s]   cmake_install.cmake:46 (include)
[0.046s] This warning is for project developers.  Use -Wno-dev to suppress it.
[0.046s] [0m
[0.046s] -- Up-to-date symlink: /home/ivan/ros2_ws_2501/install/f112th_sim_2501_alpha/share/f112th_sim_2501_alpha/description/build/.built_by
[0.047s] -- Up-to-date symlink: /home/ivan/ros2_ws_2501/install/f112th_sim_2501_alpha/share/f112th_sim_2501_alpha/description/build/COLCON_IGNORE
[0.047s] -- Up-to-date symlink: /home/ivan/ros2_ws_2501/install/f112th_sim_2501_alpha/share/f112th_sim_2501_alpha/description/inertial_macros.xacro
[0.047s] -- Up-to-date symlink: /home/ivan/ros2_ws_2501/install/f112th_sim_2501_alpha/share/f112th_sim_2501_alpha/description/install/.colcon_install_layout
[0.047s] -- Up-to-date symlink: /home/ivan/ros2_ws_2501/install/f112th_sim_2501_alpha/share/f112th_sim_2501_alpha/description/install/COLCON_IGNORE
[0.047s] -- Up-to-date symlink: /home/ivan/ros2_ws_2501/install/f112th_sim_2501_alpha/share/f112th_sim_2501_alpha/description/install/_local_setup_util_ps1.py
[0.047s] -- Up-to-date symlink: /home/ivan/ros2_ws_2501/install/f112th_sim_2501_alpha/share/f112th_sim_2501_alpha/description/install/_local_setup_util_sh.py
[0.047s] -- Up-to-date symlink: /home/ivan/ros2_ws_2501/install/f112th_sim_2501_alpha/share/f112th_sim_2501_alpha/description/install/local_setup.bash
[0.047s] -- Up-to-date symlink: /home/ivan/ros2_ws_2501/install/f112th_sim_2501_alpha/share/f112th_sim_2501_alpha/description/install/local_setup.ps1
[0.047s] -- Up-to-date symlink: /home/ivan/ros2_ws_2501/install/f112th_sim_2501_alpha/share/f112th_sim_2501_alpha/description/install/local_setup.sh
[0.047s] -- Up-to-date symlink: /home/ivan/ros2_ws_2501/install/f112th_sim_2501_alpha/share/f112th_sim_2501_alpha/description/install/local_setup.zsh
[0.047s] -- Up-to-date symlink: /home/ivan/ros2_ws_2501/install/f112th_sim_2501_alpha/share/f112th_sim_2501_alpha/description/install/setup.bash
[0.047s] -- Up-to-date symlink: /home/ivan/ros2_ws_2501/install/f112th_sim_2501_alpha/share/f112th_sim_2501_alpha/description/install/setup.ps1
[0.047s] -- Up-to-date symlink: /home/ivan/ros2_ws_2501/install/f112th_sim_2501_alpha/share/f112th_sim_2501_alpha/description/install/setup.sh
[0.047s] -- Up-to-date symlink: /home/ivan/ros2_ws_2501/install/f112th_sim_2501_alpha/share/f112th_sim_2501_alpha/description/install/setup.zsh
[0.047s] -- Up-to-date symlink: /home/ivan/ros2_ws_2501/install/f112th_sim_2501_alpha/share/f112th_sim_2501_alpha/description/log/COLCON_IGNORE
[0.047s] -- Up-to-date symlink: /home/ivan/ros2_ws_2501/install/f112th_sim_2501_alpha/share/f112th_sim_2501_alpha/description/log/build_2025-01-29_19-45-33/events.log
[0.047s] -- Up-to-date symlink: /home/ivan/ros2_ws_2501/install/f112th_sim_2501_alpha/share/f112th_sim_2501_alpha/description/log/build_2025-01-29_19-45-33/logger_all.log
[0.047s] -- Up-to-date symlink: /home/ivan/ros2_ws_2501/install/f112th_sim_2501_alpha/share/f112th_sim_2501_alpha/description/log/latest/events.log
[0.048s] -- Up-to-date symlink: /home/ivan/ros2_ws_2501/install/f112th_sim_2501_alpha/share/f112th_sim_2501_alpha/description/log/latest/logger_all.log
[0.048s] -- Up-to-date symlink: /home/ivan/ros2_ws_2501/install/f112th_sim_2501_alpha/share/f112th_sim_2501_alpha/description/log/latest_build/events.log
[0.048s] -- Up-to-date symlink: /home/ivan/ros2_ws_2501/install/f112th_sim_2501_alpha/share/f112th_sim_2501_alpha/description/log/latest_build/logger_all.log
[0.048s] -- Up-to-date symlink: /home/ivan/ros2_ws_2501/install/f112th_sim_2501_alpha/share/f112th_sim_2501_alpha/description/properties.xacro
[0.048s] -- Up-to-date symlink: /home/ivan/ros2_ws_2501/install/f112th_sim_2501_alpha/share/f112th_sim_2501_alpha/description/robot.urdf.xacro
[0.048s] -- Up-to-date symlink: /home/ivan/ros2_ws_2501/install/f112th_sim_2501_alpha/share/f112th_sim_2501_alpha/description/robot_core.xacro
[0.048s] -- Up-to-date symlink: /home/ivan/ros2_ws_2501/install/f112th_sim_2501_alpha/share/f112th_sim_2501_alpha/description/rviz_model.rviz
[0.048s] -- Up-to-date symlink: /home/ivan/ros2_ws_2501/install/f112th_sim_2501_alpha/share/f112th_sim_2501_alpha/launch/rsp.launch.py
[0.048s] -- Up-to-date symlink: /home/ivan/ros2_ws_2501/install/f112th_sim_2501_alpha/share/f112th_sim_2501_alpha/worlds/empty.world
[0.048s] -- Up-to-date symlink: /home/ivan/ros2_ws_2501/install/f112th_sim_2501_alpha/share/ament_index/resource_index/package_run_dependencies/f112th_sim_2501_alpha
[0.048s] -- Up-to-date symlink: /home/ivan/ros2_ws_2501/install/f112th_sim_2501_alpha/share/ament_index/resource_index/parent_prefix_path/f112th_sim_2501_alpha
[0.049s] -- Up-to-date symlink: /home/ivan/ros2_ws_2501/install/f112th_sim_2501_alpha/share/f112th_sim_2501_alpha/environment/ament_prefix_path.sh
[0.049s] -- Up-to-date symlink: /home/ivan/ros2_ws_2501/install/f112th_sim_2501_alpha/share/f112th_sim_2501_alpha/environment/ament_prefix_path.dsv
[0.049s] -- Up-to-date symlink: /home/ivan/ros2_ws_2501/install/f112th_sim_2501_alpha/share/f112th_sim_2501_alpha/environment/path.sh
[0.049s] -- Up-to-date symlink: /home/ivan/ros2_ws_2501/install/f112th_sim_2501_alpha/share/f112th_sim_2501_alpha/environment/path.dsv
[0.049s] -- Up-to-date symlink: /home/ivan/ros2_ws_2501/install/f112th_sim_2501_alpha/share/f112th_sim_2501_alpha/local_setup.bash
[0.049s] -- Up-to-date symlink: /home/ivan/ros2_ws_2501/install/f112th_sim_2501_alpha/share/f112th_sim_2501_alpha/local_setup.sh
[0.049s] -- Up-to-date symlink: /home/ivan/ros2_ws_2501/install/f112th_sim_2501_alpha/share/f112th_sim_2501_alpha/local_setup.zsh
[0.049s] -- Up-to-date symlink: /home/ivan/ros2_ws_2501/install/f112th_sim_2501_alpha/share/f112th_sim_2501_alpha/local_setup.dsv
[0.049s] -- Symlinking: /home/ivan/ros2_ws_2501/install/f112th_sim_2501_alpha/share/f112th_sim_2501_alpha/package.dsv
[0.055s] -- Up-to-date symlink: /home/ivan/ros2_ws_2501/install/f112th_sim_2501_alpha/share/ament_index/resource_index/packages/f112th_sim_2501_alpha
[0.055s] -- Up-to-date symlink: /home/ivan/ros2_ws_2501/install/f112th_sim_2501_alpha/share/f112th_sim_2501_alpha/cmake/f112th_sim_2501_alphaConfig.cmake
[0.055s] -- Up-to-date symlink: /home/ivan/ros2_ws_2501/install/f112th_sim_2501_alpha/share/f112th_sim_2501_alpha/cmake/f112th_sim_2501_alphaConfig-version.cmake
[0.055s] -- Up-to-date symlink: /home/ivan/ros2_ws_2501/install/f112th_sim_2501_alpha/share/f112th_sim_2501_alpha/package.xml
[0.056s] Invoked command in '/home/ivan/ros2_ws_2501/build/f112th_sim_2501_alpha' returned '0': CMAKE_PREFIX_PATH=${CMAKE_PREFIX_PATH}:/opt/ros/humble /usr/bin/cmake --install /home/ivan/ros2_ws_2501/build/f112th_sim_2501_alpha
