[0.019s] Invoking command in '/home/ivan/ros2_ws_2501/build/f112th_sim_2501_alpha': CMAKE_PREFIX_PATH=${CMAKE_PREFIX_PATH}:/home/ivan/ros2_ws_2501/install/joy_tester:/opt/ros/humble /usr/bin/cmake --build /home/ivan/ros2_ws_2501/build/f112th_sim_2501_alpha -- -j12 -l12
[0.223s] [100%] Built target laser_scan_reader
[0.228s] Invoked command in '/home/ivan/ros2_ws_2501/build/f112th_sim_2501_alpha' returned '0': CMAKE_PREFIX_PATH=${CMAKE_PREFIX_PATH}:/home/ivan/ros2_ws_2501/install/joy_tester:/opt/ros/humble /usr/bin/cmake --build /home/ivan/ros2_ws_2501/build/f112th_sim_2501_alpha -- -j12 -l12
[0.236s] Invoking command in '/home/ivan/ros2_ws_2501/build/f112th_sim_2501_alpha': CMAKE_PREFIX_PATH=${CMAKE_PREFIX_PATH}:/home/ivan/ros2_ws_2501/install/joy_tester:/opt/ros/humble /usr/bin/cmake --install /home/ivan/ros2_ws_2501/build/f112th_sim_2501_alpha
[0.241s] -- Install configuration: ""
[0.241s] -- Execute custom install script
[0.242s] -- Up-to-date symlink: /home/ivan/ros2_ws_2501/install/f112th_sim_2501_alpha/lib/f112th_sim_2501_alpha/laser_scan_reader
[0.243s] -- Up-to-date symlink: /home/ivan/ros2_ws_2501/install/f112th_sim_2501_alpha/share/f112th_sim_2501_alpha/config/joystick.yaml
[0.243s] -- Up-to-date symlink: /home/ivan/ros2_ws_2501/install/f112th_sim_2501_alpha/share/f112th_sim_2501_alpha/config/parms.yaml
[0.243s] -- Up-to-date symlink: /home/ivan/ros2_ws_2501/install/f112th_sim_2501_alpha/share/f112th_sim_2501_alpha/config/twist_mux.yaml
[0.244s] -- Up-to-date symlink: /home/ivan/ros2_ws_2501/install/f112th_sim_2501_alpha/share/f112th_sim_2501_alpha/description/acker.urdf.xacro
[0.244s] -- Up-to-date symlink: /home/ivan/ros2_ws_2501/install/f112th_sim_2501_alpha/share/f112th_sim_2501_alpha/description/gazebo_control.xacro
[0.244s] -- Up-to-date symlink: /home/ivan/ros2_ws_2501/install/f112th_sim_2501_alpha/share/f112th_sim_2501_alpha/description/inertial_macros.xacro
[0.245s] -- Up-to-date symlink: /home/ivan/ros2_ws_2501/install/f112th_sim_2501_alpha/share/f112th_sim_2501_alpha/description/lidar.xacro
[0.245s] -- Up-to-date symlink: /home/ivan/ros2_ws_2501/install/f112th_sim_2501_alpha/share/f112th_sim_2501_alpha/description/properties.xacro
[0.245s] -- Up-to-date symlink: /home/ivan/ros2_ws_2501/install/f112th_sim_2501_alpha/share/f112th_sim_2501_alpha/description/robot.urdf.xacro
[0.245s] -- Up-to-date symlink: /home/ivan/ros2_ws_2501/install/f112th_sim_2501_alpha/share/f112th_sim_2501_alpha/description/robot_core.xacro
[0.245s] -- Up-to-date symlink: /home/ivan/ros2_ws_2501/install/f112th_sim_2501_alpha/share/f112th_sim_2501_alpha/description/rviz_model.rviz
[0.246s] -- Up-to-date symlink: /home/ivan/ros2_ws_2501/install/f112th_sim_2501_alpha/share/f112th_sim_2501_alpha/launch/acker.launch.py
[0.246s] -- Up-to-date symlink: /home/ivan/ros2_ws_2501/install/f112th_sim_2501_alpha/share/f112th_sim_2501_alpha/launch/joystick.launch.py
[0.246s] -- Up-to-date symlink: /home/ivan/ros2_ws_2501/install/f112th_sim_2501_alpha/share/f112th_sim_2501_alpha/launch/launch_sim.launch.py
[0.246s] -- Up-to-date symlink: /home/ivan/ros2_ws_2501/install/f112th_sim_2501_alpha/share/f112th_sim_2501_alpha/launch/launch_sim_ackerman.launch.py
[0.247s] -- Up-to-date symlink: /home/ivan/ros2_ws_2501/install/f112th_sim_2501_alpha/share/f112th_sim_2501_alpha/launch/rsp.launch.py
[0.247s] -- Up-to-date symlink: /home/ivan/ros2_ws_2501/install/f112th_sim_2501_alpha/share/f112th_sim_2501_alpha/launch/twist_mux.launch.py
[0.250s] -- Up-to-date symlink: /home/ivan/ros2_ws_2501/install/f112th_sim_2501_alpha/share/f112th_sim_2501_alpha/worlds/1frstworld.world
[0.251s] -- Up-to-date symlink: /home/ivan/ros2_ws_2501/install/f112th_sim_2501_alpha/share/f112th_sim_2501_alpha/worlds/asphalt_plane/materials/scripts/asphalt.material
[0.252s] -- Up-to-date symlink: /home/ivan/ros2_ws_2501/install/f112th_sim_2501_alpha/share/f112th_sim_2501_alpha/worlds/asphalt_plane/materials/textures/tarmac.png
[0.252s] -- Up-to-date symlink: /home/ivan/ros2_ws_2501/install/f112th_sim_2501_alpha/share/f112th_sim_2501_alpha/worlds/asphalt_plane/model-1_4.sdf
[0.252s] -- Up-to-date symlink: /home/ivan/ros2_ws_2501/install/f112th_sim_2501_alpha/share/f112th_sim_2501_alpha/worlds/asphalt_plane/model.config
[0.252s] -- Up-to-date symlink: /home/ivan/ros2_ws_2501/install/f112th_sim_2501_alpha/share/f112th_sim_2501_alpha/worlds/asphalt_plane/model.sdf
[0.253s] -- Up-to-date symlink: /home/ivan/ros2_ws_2501/install/f112th_sim_2501_alpha/share/f112th_sim_2501_alpha/worlds/demo_race_track/demo_race_track/model.config
[0.253s] -- Up-to-date symlink: /home/ivan/ros2_ws_2501/install/f112th_sim_2501_alpha/share/f112th_sim_2501_alpha/worlds/demo_race_track/demo_race_track/model.sdf
[0.253s] -- Up-to-date symlink: /home/ivan/ros2_ws_2501/install/f112th_sim_2501_alpha/share/f112th_sim_2501_alpha/worlds/demo_race_track/model.config
[0.253s] -- Up-to-date symlink: /home/ivan/ros2_ws_2501/install/f112th_sim_2501_alpha/share/f112th_sim_2501_alpha/worlds/demo_race_track/model.sdf
[0.254s] -- Up-to-date symlink: /home/ivan/ros2_ws_2501/install/f112th_sim_2501_alpha/share/f112th_sim_2501_alpha/worlds/demo_race_track2/model.config
[0.254s] -- Up-to-date symlink: /home/ivan/ros2_ws_2501/install/f112th_sim_2501_alpha/share/f112th_sim_2501_alpha/worlds/demo_race_track2/model.sdf
[0.255s] -- Up-to-date symlink: /home/ivan/ros2_ws_2501/install/f112th_sim_2501_alpha/share/f112th_sim_2501_alpha/worlds/empty.world
[0.255s] -- Up-to-date symlink: /home/ivan/ros2_ws_2501/install/f112th_sim_2501_alpha/share/f112th_sim_2501_alpha/worlds/follow_gap.world
[0.255s] -- Up-to-date symlink: /home/ivan/ros2_ws_2501/install/f112th_sim_2501_alpha/share/f112th_sim_2501_alpha/worlds/gapracetrack.world
[0.255s] -- Up-to-date symlink: /home/ivan/ros2_ws_2501/install/f112th_sim_2501_alpha/share/f112th_sim_2501_alpha/worlds/interlagos_track.world
[0.256s] -- Up-to-date symlink: /home/ivan/ros2_ws_2501/install/f112th_sim_2501_alpha/share/f112th_sim_2501_alpha/worlds/interlagos_track/interlagos_track.stl
[0.256s] -- Up-to-date symlink: /home/ivan/ros2_ws_2501/install/f112th_sim_2501_alpha/share/f112th_sim_2501_alpha/worlds/interlagos_track/model.config
[0.256s] -- Up-to-date symlink: /home/ivan/ros2_ws_2501/install/f112th_sim_2501_alpha/share/f112th_sim_2501_alpha/worlds/interlagos_track/model.sdf
[0.256s] -- Up-to-date symlink: /home/ivan/ros2_ws_2501/install/f112th_sim_2501_alpha/share/f112th_sim_2501_alpha/worlds/monza_track.world
[0.257s] -- Up-to-date symlink: /home/ivan/ros2_ws_2501/install/f112th_sim_2501_alpha/share/f112th_sim_2501_alpha/worlds/monza_track/model.config
[0.258s] -- Up-to-date symlink: /home/ivan/ros2_ws_2501/install/f112th_sim_2501_alpha/share/f112th_sim_2501_alpha/worlds/monza_track/model.sdf
[0.258s] -- Up-to-date symlink: /home/ivan/ros2_ws_2501/install/f112th_sim_2501_alpha/share/f112th_sim_2501_alpha/worlds/monza_track/monza_track.stl
[0.258s] -- Up-to-date symlink: /home/ivan/ros2_ws_2501/install/f112th_sim_2501_alpha/share/f112th_sim_2501_alpha/worlds/my_world.world
[0.258s] -- Up-to-date symlink: /home/ivan/ros2_ws_2501/install/f112th_sim_2501_alpha/share/f112th_sim_2501_alpha/worlds/objetracetrack/model.config
[0.258s] -- Up-to-date symlink: /home/ivan/ros2_ws_2501/install/f112th_sim_2501_alpha/share/f112th_sim_2501_alpha/worlds/objetracetrack/model.sdf
[0.258s] -- Up-to-date symlink: /home/ivan/ros2_ws_2501/install/f112th_sim_2501_alpha/share/f112th_sim_2501_alpha/worlds/obstaculos/model.config
[0.258s] -- Up-to-date symlink: /home/ivan/ros2_ws_2501/install/f112th_sim_2501_alpha/share/f112th_sim_2501_alpha/worlds/obstaculos/model.sdf
[0.258s] -- Up-to-date symlink: /home/ivan/ros2_ws_2501/install/f112th_sim_2501_alpha/share/f112th_sim_2501_alpha/worlds/pista.ipt
[0.258s] -- Up-to-date symlink: /home/ivan/ros2_ws_2501/install/f112th_sim_2501_alpha/share/f112th_sim_2501_alpha/worlds/pista.stl
[0.259s] -- Up-to-date symlink: /home/ivan/ros2_ws_2501/install/f112th_sim_2501_alpha/share/f112th_sim_2501_alpha/worlds/race_track_2/model.config
[0.259s] -- Up-to-date symlink: /home/ivan/ros2_ws_2501/install/f112th_sim_2501_alpha/share/f112th_sim_2501_alpha/worlds/race_track_2/model.sdf
[0.259s] -- Up-to-date symlink: /home/ivan/ros2_ws_2501/install/f112th_sim_2501_alpha/share/f112th_sim_2501_alpha/worlds/race_track_gap/model.config
[0.259s] -- Up-to-date symlink: /home/ivan/ros2_ws_2501/install/f112th_sim_2501_alpha/share/f112th_sim_2501_alpha/worlds/race_track_gap/model.sdf
[0.260s] -- Up-to-date symlink: /home/ivan/ros2_ws_2501/install/f112th_sim_2501_alpha/share/f112th_sim_2501_alpha/worlds/racetrackgap/model.config
[0.260s] -- Up-to-date symlink: /home/ivan/ros2_ws_2501/install/f112th_sim_2501_alpha/share/f112th_sim_2501_alpha/worlds/racetrackgap/model.sdf
[0.260s] -- Up-to-date symlink: /home/ivan/ros2_ws_2501/install/f112th_sim_2501_alpha/share/f112th_sim_2501_alpha/worlds/silverstone/model.config
[0.260s] -- Up-to-date symlink: /home/ivan/ros2_ws_2501/install/f112th_sim_2501_alpha/share/f112th_sim_2501_alpha/worlds/silverstone/model.sdf
[0.260s] -- Up-to-date symlink: /home/ivan/ros2_ws_2501/install/f112th_sim_2501_alpha/share/f112th_sim_2501_alpha/worlds/silverstone_track.world
[0.261s] -- Up-to-date symlink: /home/ivan/ros2_ws_2501/install/f112th_sim_2501_alpha/share/f112th_sim_2501_alpha/worlds/silverstone_track/model.config
[0.261s] -- Up-to-date symlink: /home/ivan/ros2_ws_2501/install/f112th_sim_2501_alpha/share/f112th_sim_2501_alpha/worlds/silverstone_track/model.sdf
[0.261s] -- Up-to-date symlink: /home/ivan/ros2_ws_2501/install/f112th_sim_2501_alpha/share/f112th_sim_2501_alpha/worlds/silverstone_track/silverstone_track.stl
[0.261s] -- Up-to-date symlink: /home/ivan/ros2_ws_2501/install/f112th_sim_2501_alpha/share/f112th_sim_2501_alpha/worlds/silverstone_track_finall.world
[0.262s] -- Up-to-date symlink: /home/ivan/ros2_ws_2501/install/f112th_sim_2501_alpha/share/f112th_sim_2501_alpha/worlds/wall/model.config
[0.262s] -- Up-to-date symlink: /home/ivan/ros2_ws_2501/install/f112th_sim_2501_alpha/share/f112th_sim_2501_alpha/worlds/wall/model.sdf
[0.262s] -- Up-to-date symlink: /home/ivan/ros2_ws_2501/install/f112th_sim_2501_alpha/share/f112th_sim_2501_alpha/worlds/wall2/model.config
[0.262s] -- Up-to-date symlink: /home/ivan/ros2_ws_2501/install/f112th_sim_2501_alpha/share/f112th_sim_2501_alpha/worlds/wall2/model.sdf
[0.263s] -- Up-to-date symlink: /home/ivan/ros2_ws_2501/install/f112th_sim_2501_alpha/share/f112th_sim_2501_alpha/src/laser_scan_reader.cpp
[0.263s] -- Up-to-date symlink: /home/ivan/ros2_ws_2501/install/f112th_sim_2501_alpha/share/ament_index/resource_index/package_run_dependencies/f112th_sim_2501_alpha
[0.263s] -- Up-to-date symlink: /home/ivan/ros2_ws_2501/install/f112th_sim_2501_alpha/share/ament_index/resource_index/parent_prefix_path/f112th_sim_2501_alpha
[0.264s] -- Up-to-date symlink: /home/ivan/ros2_ws_2501/install/f112th_sim_2501_alpha/share/f112th_sim_2501_alpha/environment/ament_prefix_path.sh
[0.264s] -- Up-to-date symlink: /home/ivan/ros2_ws_2501/install/f112th_sim_2501_alpha/share/f112th_sim_2501_alpha/environment/ament_prefix_path.dsv
[0.264s] -- Up-to-date symlink: /home/ivan/ros2_ws_2501/install/f112th_sim_2501_alpha/share/f112th_sim_2501_alpha/environment/path.sh
[0.264s] -- Up-to-date symlink: /home/ivan/ros2_ws_2501/install/f112th_sim_2501_alpha/share/f112th_sim_2501_alpha/environment/path.dsv
[0.264s] -- Up-to-date symlink: /home/ivan/ros2_ws_2501/install/f112th_sim_2501_alpha/share/f112th_sim_2501_alpha/local_setup.bash
[0.264s] -- Up-to-date symlink: /home/ivan/ros2_ws_2501/install/f112th_sim_2501_alpha/share/f112th_sim_2501_alpha/local_setup.sh
[0.265s] -- Up-to-date symlink: /home/ivan/ros2_ws_2501/install/f112th_sim_2501_alpha/share/f112th_sim_2501_alpha/local_setup.zsh
[0.265s] -- Up-to-date symlink: /home/ivan/ros2_ws_2501/install/f112th_sim_2501_alpha/share/f112th_sim_2501_alpha/local_setup.dsv
[0.265s] -- Symlinking: /home/ivan/ros2_ws_2501/install/f112th_sim_2501_alpha/share/f112th_sim_2501_alpha/package.dsv
[0.271s] -- Up-to-date symlink: /home/ivan/ros2_ws_2501/install/f112th_sim_2501_alpha/share/ament_index/resource_index/packages/f112th_sim_2501_alpha
[0.272s] -- Up-to-date symlink: /home/ivan/ros2_ws_2501/install/f112th_sim_2501_alpha/share/f112th_sim_2501_alpha/cmake/f112th_sim_2501_alphaConfig.cmake
[0.272s] -- Up-to-date symlink: /home/ivan/ros2_ws_2501/install/f112th_sim_2501_alpha/share/f112th_sim_2501_alpha/cmake/f112th_sim_2501_alphaConfig-version.cmake
[0.272s] -- Up-to-date symlink: /home/ivan/ros2_ws_2501/install/f112th_sim_2501_alpha/share/f112th_sim_2501_alpha/package.xml
[0.274s] Invoked command in '/home/ivan/ros2_ws_2501/build/f112th_sim_2501_alpha' returned '0': CMAKE_PREFIX_PATH=${CMAKE_PREFIX_PATH}:/home/ivan/ros2_ws_2501/install/joy_tester:/opt/ros/humble /usr/bin/cmake --install /home/ivan/ros2_ws_2501/build/f112th_sim_2501_alpha
