[0.081s] DEBUG:colcon:Command line arguments: ['/usr/bin/colcon', 'build', '--symlink-install']
[0.081s] DEBUG:colcon:Parsed command line arguments: Namespace(log_base=None, log_level=None, verb_name='build', build_base='build', install_base='install', merge_install=False, symlink_install=True, test_result_base=None, continue_on_error=False, executor='parallel', parallel_workers=12, event_handlers=None, ignore_user_meta=False, metas=['./colcon.meta'], base_paths=['.'], packages_ignore=None, packages_ignore_regex=None, paths=None, packages_up_to=None, packages_up_to_regex=None, packages_above=None, packages_above_and_dependencies=None, packages_above_depth=None, packages_select_by_dep=None, packages_skip_by_dep=None, packages_skip_up_to=None, packages_select_build_failed=False, packages_skip_build_finished=False, packages_select_test_failures=False, packages_skip_test_passed=False, packages_select=None, packages_skip=None, packages_select_regex=None, packages_skip_regex=None, packages_start=None, packages_end=None, allow_overriding=[], cmake_args=None, cmake_target=None, cmake_target_skip_unavailable=False, cmake_clean_cache=False, cmake_clean_first=False, cmake_force_configure=False, ament_cmake_args=None, catkin_cmake_args=None, catkin_skip_building_tests=False, mixin_files=None, mixin=None, verb_parser=<colcon_mixin.mixin.mixin_argument.MixinArgumentDecorator object at 0x783eab6498d0>, verb_extension=<colcon_core.verb.build.BuildVerb object at 0x783eab7667a0>, main=<bound method BuildVerb.main of <colcon_core.verb.build.BuildVerb object at 0x783eab7667a0>>, mixin_verb=('build',))
[0.215s] Level 1:colcon.colcon_core.package_discovery:discover_packages(colcon_meta) check parameters
[0.215s] Level 1:colcon.colcon_core.package_discovery:discover_packages(recursive) check parameters
[0.215s] Level 1:colcon.colcon_core.package_discovery:discover_packages(ignore) check parameters
[0.215s] Level 1:colcon.colcon_core.package_discovery:discover_packages(path) check parameters
[0.215s] Level 1:colcon.colcon_core.package_discovery:discover_packages(colcon_meta) discover
[0.215s] Level 1:colcon.colcon_core.package_discovery:discover_packages(recursive) discover
[0.215s] INFO:colcon.colcon_core.package_discovery:Crawling recursively for packages in '/home/ivan/ros2_ws_2501'
[0.215s] Level 1:colcon.colcon_core.package_identification:_identify(.) by extensions ['ignore', 'ignore_ament_install']
[0.215s] Level 1:colcon.colcon_core.package_identification:_identify(.) by extension 'ignore'
[0.215s] Level 1:colcon.colcon_core.package_identification:_identify(.) by extension 'ignore_ament_install'
[0.215s] Level 1:colcon.colcon_core.package_identification:_identify(.) by extensions ['colcon_pkg']
[0.215s] Level 1:colcon.colcon_core.package_identification:_identify(.) by extension 'colcon_pkg'
[0.215s] Level 1:colcon.colcon_core.package_identification:_identify(.) by extensions ['colcon_meta']
[0.215s] Level 1:colcon.colcon_core.package_identification:_identify(.) by extension 'colcon_meta'
[0.215s] Level 1:colcon.colcon_core.package_identification:_identify(.) by extensions ['ros']
[0.215s] Level 1:colcon.colcon_core.package_identification:_identify(.) by extension 'ros'
[0.223s] Level 1:colcon.colcon_core.package_identification:_identify(.) by extensions ['cmake', 'python']
[0.223s] Level 1:colcon.colcon_core.package_identification:_identify(.) by extension 'cmake'
[0.223s] Level 1:colcon.colcon_core.package_identification:_identify(.) by extension 'python'
[0.223s] Level 1:colcon.colcon_core.package_identification:_identify(.) by extensions ['python_setup_py']
[0.223s] Level 1:colcon.colcon_core.package_identification:_identify(.) by extension 'python_setup_py'
[0.223s] Level 1:colcon.colcon_core.package_identification:_identify(build) by extensions ['ignore', 'ignore_ament_install']
[0.223s] Level 1:colcon.colcon_core.package_identification:_identify(build) by extension 'ignore'
[0.223s] Level 1:colcon.colcon_core.package_identification:_identify(build) ignored
[0.223s] Level 1:colcon.colcon_core.package_identification:_identify(install) by extensions ['ignore', 'ignore_ament_install']
[0.223s] Level 1:colcon.colcon_core.package_identification:_identify(install) by extension 'ignore'
[0.223s] Level 1:colcon.colcon_core.package_identification:_identify(install) ignored
[0.224s] Level 1:colcon.colcon_core.package_identification:_identify(log) by extensions ['ignore', 'ignore_ament_install']
[0.224s] Level 1:colcon.colcon_core.package_identification:_identify(log) by extension 'ignore'
[0.224s] Level 1:colcon.colcon_core.package_identification:_identify(log) ignored
[0.224s] Level 1:colcon.colcon_core.package_identification:_identify(src) by extensions ['ignore', 'ignore_ament_install']
[0.224s] Level 1:colcon.colcon_core.package_identification:_identify(src) by extension 'ignore'
[0.224s] Level 1:colcon.colcon_core.package_identification:_identify(src) by extension 'ignore_ament_install'
[0.224s] Level 1:colcon.colcon_core.package_identification:_identify(src) by extensions ['colcon_pkg']
[0.224s] Level 1:colcon.colcon_core.package_identification:_identify(src) by extension 'colcon_pkg'
[0.224s] Level 1:colcon.colcon_core.package_identification:_identify(src) by extensions ['colcon_meta']
[0.224s] Level 1:colcon.colcon_core.package_identification:_identify(src) by extension 'colcon_meta'
[0.224s] Level 1:colcon.colcon_core.package_identification:_identify(src) by extensions ['ros']
[0.224s] Level 1:colcon.colcon_core.package_identification:_identify(src) by extension 'ros'
[0.224s] Level 1:colcon.colcon_core.package_identification:_identify(src) by extensions ['cmake', 'python']
[0.224s] Level 1:colcon.colcon_core.package_identification:_identify(src) by extension 'cmake'
[0.224s] Level 1:colcon.colcon_core.package_identification:_identify(src) by extension 'python'
[0.224s] Level 1:colcon.colcon_core.package_identification:_identify(src) by extensions ['python_setup_py']
[0.224s] Level 1:colcon.colcon_core.package_identification:_identify(src) by extension 'python_setup_py'
[0.224s] Level 1:colcon.colcon_core.package_identification:_identify(src/build) by extensions ['ignore', 'ignore_ament_install']
[0.224s] Level 1:colcon.colcon_core.package_identification:_identify(src/build) by extension 'ignore'
[0.224s] Level 1:colcon.colcon_core.package_identification:_identify(src/build) ignored
[0.224s] Level 1:colcon.colcon_core.package_identification:_identify(src/f112th_sim_2501_alpha) by extensions ['ignore', 'ignore_ament_install']
[0.224s] Level 1:colcon.colcon_core.package_identification:_identify(src/f112th_sim_2501_alpha) by extension 'ignore'
[0.224s] Level 1:colcon.colcon_core.package_identification:_identify(src/f112th_sim_2501_alpha) by extension 'ignore_ament_install'
[0.225s] Level 1:colcon.colcon_core.package_identification:_identify(src/f112th_sim_2501_alpha) by extensions ['colcon_pkg']
[0.225s] Level 1:colcon.colcon_core.package_identification:_identify(src/f112th_sim_2501_alpha) by extension 'colcon_pkg'
[0.225s] Level 1:colcon.colcon_core.package_identification:_identify(src/f112th_sim_2501_alpha) by extensions ['colcon_meta']
[0.225s] Level 1:colcon.colcon_core.package_identification:_identify(src/f112th_sim_2501_alpha) by extension 'colcon_meta'
[0.225s] Level 1:colcon.colcon_core.package_identification:_identify(src/f112th_sim_2501_alpha) by extensions ['ros']
[0.225s] Level 1:colcon.colcon_core.package_identification:_identify(src/f112th_sim_2501_alpha) by extension 'ros'
[0.226s] DEBUG:colcon.colcon_core.package_identification:Package 'src/f112th_sim_2501_alpha' with type 'ros.ament_cmake' and name 'f112th_sim_2501_alpha'
[0.226s] Level 1:colcon.colcon_core.package_identification:_identify(src/joy_tester) by extensions ['ignore', 'ignore_ament_install']
[0.227s] Level 1:colcon.colcon_core.package_identification:_identify(src/joy_tester) by extension 'ignore'
[0.227s] Level 1:colcon.colcon_core.package_identification:_identify(src/joy_tester) by extension 'ignore_ament_install'
[0.227s] Level 1:colcon.colcon_core.package_identification:_identify(src/joy_tester) by extensions ['colcon_pkg']
[0.227s] Level 1:colcon.colcon_core.package_identification:_identify(src/joy_tester) by extension 'colcon_pkg'
[0.227s] Level 1:colcon.colcon_core.package_identification:_identify(src/joy_tester) by extensions ['colcon_meta']
[0.227s] Level 1:colcon.colcon_core.package_identification:_identify(src/joy_tester) by extension 'colcon_meta'
[0.227s] Level 1:colcon.colcon_core.package_identification:_identify(src/joy_tester) by extensions ['ros']
[0.227s] Level 1:colcon.colcon_core.package_identification:_identify(src/joy_tester) by extension 'ros'
[0.227s] DEBUG:colcon.colcon_core.package_identification:Package 'src/joy_tester' with type 'ros.ament_python' and name 'joy_tester'
[0.227s] Level 1:colcon.colcon_core.package_identification:_identify(src/wall_following_alpha) by extensions ['ignore', 'ignore_ament_install']
[0.227s] Level 1:colcon.colcon_core.package_identification:_identify(src/wall_following_alpha) by extension 'ignore'
[0.227s] Level 1:colcon.colcon_core.package_identification:_identify(src/wall_following_alpha) by extension 'ignore_ament_install'
[0.228s] Level 1:colcon.colcon_core.package_identification:_identify(src/wall_following_alpha) by extensions ['colcon_pkg']
[0.228s] Level 1:colcon.colcon_core.package_identification:_identify(src/wall_following_alpha) by extension 'colcon_pkg'
[0.228s] Level 1:colcon.colcon_core.package_identification:_identify(src/wall_following_alpha) by extensions ['colcon_meta']
[0.228s] Level 1:colcon.colcon_core.package_identification:_identify(src/wall_following_alpha) by extension 'colcon_meta'
[0.228s] Level 1:colcon.colcon_core.package_identification:_identify(src/wall_following_alpha) by extensions ['ros']
[0.228s] Level 1:colcon.colcon_core.package_identification:_identify(src/wall_following_alpha) by extension 'ros'
[0.228s] DEBUG:colcon.colcon_core.package_identification:Package 'src/wall_following_alpha' with type 'ros.ament_cmake' and name 'wall_following_alpha'
[0.228s] Level 1:colcon.colcon_core.package_discovery:discover_packages(recursive) using defaults
[0.228s] Level 1:colcon.colcon_core.package_discovery:discover_packages(ignore) discover
[0.228s] Level 1:colcon.colcon_core.package_discovery:discover_packages(ignore) using defaults
[0.228s] Level 1:colcon.colcon_core.package_discovery:discover_packages(path) discover
[0.228s] Level 1:colcon.colcon_core.package_discovery:discover_packages(path) using defaults
[0.249s] Level 1:colcon.colcon_core.package_discovery:discover_packages(prefix_path) check parameters
[0.249s] Level 1:colcon.colcon_core.package_discovery:discover_packages(prefix_path) discover
[0.250s] WARNING:colcon.colcon_ros.prefix_path.ament:The path '/home/ivan/ros2_ws_2501/install/wall_following_alpha' in the environment variable AMENT_PREFIX_PATH doesn't exist
[0.250s] WARNING:colcon.colcon_ros.prefix_path.ament:The path '/home/ivan/ros2_ws_2501/install/joy_tester' in the environment variable AMENT_PREFIX_PATH doesn't exist
[0.250s] WARNING:colcon.colcon_ros.prefix_path.ament:The path '/home/ivan/ros2_ws_2501/install/f112th_sim_2501_alpha' in the environment variable AMENT_PREFIX_PATH doesn't exist
[0.250s] WARNING:colcon.colcon_ros.prefix_path.catkin:The path '/home/ivan/ros2_ws_2501/install/wall_following_alpha' in the environment variable CMAKE_PREFIX_PATH doesn't exist
[0.250s] WARNING:colcon.colcon_ros.prefix_path.catkin:The path '/home/ivan/ros2_ws_2501/install/f112th_sim_2501_alpha' in the environment variable CMAKE_PREFIX_PATH doesn't exist
[0.250s] DEBUG:colcon.colcon_installed_package_information.package_discovery:Found 0 installed packages in /home/ivan/ros2_ws_2501/install
[0.252s] DEBUG:colcon.colcon_installed_package_information.package_discovery:Found 395 installed packages in /opt/ros/humble
[0.253s] Level 1:colcon.colcon_core.package_discovery:discover_packages(prefix_path) using defaults
[0.291s] Level 5:colcon.colcon_core.verb:set package 'f112th_sim_2501_alpha' build argument 'cmake_args' from command line to 'None'
[0.291s] Level 5:colcon.colcon_core.verb:set package 'f112th_sim_2501_alpha' build argument 'cmake_target' from command line to 'None'
[0.291s] Level 5:colcon.colcon_core.verb:set package 'f112th_sim_2501_alpha' build argument 'cmake_target_skip_unavailable' from command line to 'False'
[0.291s] Level 5:colcon.colcon_core.verb:set package 'f112th_sim_2501_alpha' build argument 'cmake_clean_cache' from command line to 'False'
[0.291s] Level 5:colcon.colcon_core.verb:set package 'f112th_sim_2501_alpha' build argument 'cmake_clean_first' from command line to 'False'
[0.291s] Level 5:colcon.colcon_core.verb:set package 'f112th_sim_2501_alpha' build argument 'cmake_force_configure' from command line to 'False'
[0.291s] Level 5:colcon.colcon_core.verb:set package 'f112th_sim_2501_alpha' build argument 'ament_cmake_args' from command line to 'None'
[0.291s] Level 5:colcon.colcon_core.verb:set package 'f112th_sim_2501_alpha' build argument 'catkin_cmake_args' from command line to 'None'
[0.291s] Level 5:colcon.colcon_core.verb:set package 'f112th_sim_2501_alpha' build argument 'catkin_skip_building_tests' from command line to 'False'
[0.291s] DEBUG:colcon.colcon_core.verb:Building package 'f112th_sim_2501_alpha' with the following arguments: {'ament_cmake_args': None, 'build_base': '/home/ivan/ros2_ws_2501/build/f112th_sim_2501_alpha', 'catkin_cmake_args': None, 'catkin_skip_building_tests': False, 'cmake_args': None, 'cmake_clean_cache': False, 'cmake_clean_first': False, 'cmake_force_configure': False, 'cmake_target': None, 'cmake_target_skip_unavailable': False, 'install_base': '/home/ivan/ros2_ws_2501/install/f112th_sim_2501_alpha', 'merge_install': False, 'path': '/home/ivan/ros2_ws_2501/src/f112th_sim_2501_alpha', 'symlink_install': True, 'test_result_base': None}
[0.291s] Level 5:colcon.colcon_core.verb:set package 'joy_tester' build argument 'cmake_args' from command line to 'None'
[0.291s] Level 5:colcon.colcon_core.verb:set package 'joy_tester' build argument 'cmake_target' from command line to 'None'
[0.291s] Level 5:colcon.colcon_core.verb:set package 'joy_tester' build argument 'cmake_target_skip_unavailable' from command line to 'False'
[0.291s] Level 5:colcon.colcon_core.verb:set package 'joy_tester' build argument 'cmake_clean_cache' from command line to 'False'
[0.291s] Level 5:colcon.colcon_core.verb:set package 'joy_tester' build argument 'cmake_clean_first' from command line to 'False'
[0.291s] Level 5:colcon.colcon_core.verb:set package 'joy_tester' build argument 'cmake_force_configure' from command line to 'False'
[0.291s] Level 5:colcon.colcon_core.verb:set package 'joy_tester' build argument 'ament_cmake_args' from command line to 'None'
[0.291s] Level 5:colcon.colcon_core.verb:set package 'joy_tester' build argument 'catkin_cmake_args' from command line to 'None'
[0.292s] Level 5:colcon.colcon_core.verb:set package 'joy_tester' build argument 'catkin_skip_building_tests' from command line to 'False'
[0.292s] DEBUG:colcon.colcon_core.verb:Building package 'joy_tester' with the following arguments: {'ament_cmake_args': None, 'build_base': '/home/ivan/ros2_ws_2501/build/joy_tester', 'catkin_cmake_args': None, 'catkin_skip_building_tests': False, 'cmake_args': None, 'cmake_clean_cache': False, 'cmake_clean_first': False, 'cmake_force_configure': False, 'cmake_target': None, 'cmake_target_skip_unavailable': False, 'install_base': '/home/ivan/ros2_ws_2501/install/joy_tester', 'merge_install': False, 'path': '/home/ivan/ros2_ws_2501/src/joy_tester', 'symlink_install': True, 'test_result_base': None}
[0.292s] Level 5:colcon.colcon_core.verb:set package 'wall_following_alpha' build argument 'cmake_args' from command line to 'None'
[0.292s] Level 5:colcon.colcon_core.verb:set package 'wall_following_alpha' build argument 'cmake_target' from command line to 'None'
[0.292s] Level 5:colcon.colcon_core.verb:set package 'wall_following_alpha' build argument 'cmake_target_skip_unavailable' from command line to 'False'
[0.292s] Level 5:colcon.colcon_core.verb:set package 'wall_following_alpha' build argument 'cmake_clean_cache' from command line to 'False'
[0.292s] Level 5:colcon.colcon_core.verb:set package 'wall_following_alpha' build argument 'cmake_clean_first' from command line to 'False'
[0.292s] Level 5:colcon.colcon_core.verb:set package 'wall_following_alpha' build argument 'cmake_force_configure' from command line to 'False'
[0.292s] Level 5:colcon.colcon_core.verb:set package 'wall_following_alpha' build argument 'ament_cmake_args' from command line to 'None'
[0.292s] Level 5:colcon.colcon_core.verb:set package 'wall_following_alpha' build argument 'catkin_cmake_args' from command line to 'None'
[0.292s] Level 5:colcon.colcon_core.verb:set package 'wall_following_alpha' build argument 'catkin_skip_building_tests' from command line to 'False'
[0.292s] DEBUG:colcon.colcon_core.verb:Building package 'wall_following_alpha' with the following arguments: {'ament_cmake_args': None, 'build_base': '/home/ivan/ros2_ws_2501/build/wall_following_alpha', 'catkin_cmake_args': None, 'catkin_skip_building_tests': False, 'cmake_args': None, 'cmake_clean_cache': False, 'cmake_clean_first': False, 'cmake_force_configure': False, 'cmake_target': None, 'cmake_target_skip_unavailable': False, 'install_base': '/home/ivan/ros2_ws_2501/install/wall_following_alpha', 'merge_install': False, 'path': '/home/ivan/ros2_ws_2501/src/wall_following_alpha', 'symlink_install': True, 'test_result_base': None}
[0.292s] INFO:colcon.colcon_core.executor:Executing jobs using 'parallel' executor
[0.293s] DEBUG:colcon.colcon_parallel_executor.executor.parallel:run_until_complete
[0.293s] INFO:colcon.colcon_ros.task.ament_cmake.build:Building ROS package in '/home/ivan/ros2_ws_2501/src/f112th_sim_2501_alpha' with build type 'ament_cmake'
[0.293s] INFO:colcon.colcon_cmake.task.cmake.build:Building CMake package in '/home/ivan/ros2_ws_2501/src/f112th_sim_2501_alpha'
[0.295s] INFO:colcon.colcon_core.plugin_system:Skipping extension 'colcon_core.shell.bat': Not used on non-Windows systems
[0.295s] INFO:colcon.colcon_core.shell:Skip shell extension 'powershell' for command environment: Not usable outside of PowerShell
[0.295s] DEBUG:colcon.colcon_core.shell:Skip shell extension 'dsv' for command environment
[0.297s] INFO:colcon.colcon_ros.task.ament_python.build:Building ROS package in '/home/ivan/ros2_ws_2501/src/joy_tester' with build type 'ament_python'
[0.297s] Level 1:colcon.colcon_core.shell:create_environment_hook('joy_tester', 'ament_prefix_path')
[0.297s] INFO:colcon.colcon_core.shell:Creating environment hook '/home/ivan/ros2_ws_2501/install/joy_tester/share/joy_tester/hook/ament_prefix_path.ps1'
[0.298s] INFO:colcon.colcon_core.shell:Creating environment descriptor '/home/ivan/ros2_ws_2501/install/joy_tester/share/joy_tester/hook/ament_prefix_path.dsv'
[0.298s] INFO:colcon.colcon_core.shell:Creating environment hook '/home/ivan/ros2_ws_2501/install/joy_tester/share/joy_tester/hook/ament_prefix_path.sh'
[0.299s] INFO:colcon.colcon_core.shell:Skip shell extension 'powershell' for command environment: Not usable outside of PowerShell
[0.299s] DEBUG:colcon.colcon_core.shell:Skip shell extension 'dsv' for command environment
[0.301s] INFO:colcon.colcon_ros.task.ament_cmake.build:Building ROS package in '/home/ivan/ros2_ws_2501/src/wall_following_alpha' with build type 'ament_cmake'
[0.301s] INFO:colcon.colcon_cmake.task.cmake.build:Building CMake package in '/home/ivan/ros2_ws_2501/src/wall_following_alpha'
[0.301s] INFO:colcon.colcon_core.shell:Skip shell extension 'powershell' for command environment: Not usable outside of PowerShell
[0.301s] DEBUG:colcon.colcon_core.shell:Skip shell extension 'dsv' for command environment
[0.307s] DEBUG:colcon.colcon_core.event_handler.log_command:Invoking command in '/home/ivan/ros2_ws_2501/build/f112th_sim_2501_alpha': CMAKE_PREFIX_PATH=${CMAKE_PREFIX_PATH}:/home/ivan/ros2_ws_2501/install/joy_tester:/opt/ros/humble /usr/bin/cmake /home/ivan/ros2_ws_2501/src/f112th_sim_2501_alpha -DAMENT_CMAKE_SYMLINK_INSTALL=1 -DCMAKE_INSTALL_PREFIX=/home/ivan/ros2_ws_2501/install/f112th_sim_2501_alpha
[0.516s] INFO:colcon.colcon_core.task.python.build:Building Python package in '/home/ivan/ros2_ws_2501/src/joy_tester'
[0.516s] INFO:colcon.colcon_core.shell:Skip shell extension 'powershell' for command environment: Not usable outside of PowerShell
[0.516s] DEBUG:colcon.colcon_core.shell:Skip shell extension 'dsv' for command environment
[0.523s] DEBUG:colcon.colcon_core.event_handler.log_command:Invoking command in '/home/ivan/ros2_ws_2501/build/wall_following_alpha': CMAKE_PREFIX_PATH=${CMAKE_PREFIX_PATH}:/home/ivan/ros2_ws_2501/install/joy_tester:/opt/ros/humble /usr/bin/cmake /home/ivan/ros2_ws_2501/src/wall_following_alpha -DAMENT_CMAKE_SYMLINK_INSTALL=1 -DCMAKE_INSTALL_PREFIX=/home/ivan/ros2_ws_2501/install/wall_following_alpha
[0.829s] DEBUG:colcon.colcon_core.event_handler.log_command:Invoking command in '/home/ivan/ros2_ws_2501/build/joy_tester': PYTHONPATH=/home/ivan/ros2_ws_2501/build/joy_tester/prefix_override:/usr/lib/python3/dist-packages/colcon_core/task/python/colcon_distutils_commands:/home/ivan/ros2_ws_2501/install/joy_tester/lib/python3.10/site-packages:${PYTHONPATH} /usr/bin/python3 -W ignore:setup.py install is deprecated -W ignore:easy_install command is deprecated setup.py develop --editable --build-directory /home/ivan/ros2_ws_2501/build/joy_tester/build --no-deps symlink_data
[1.241s] DEBUG:colcon.colcon_core.event_handler.log_command:Invoked command in '/home/ivan/ros2_ws_2501/build/f112th_sim_2501_alpha' returned '0': CMAKE_PREFIX_PATH=${CMAKE_PREFIX_PATH}:/home/ivan/ros2_ws_2501/install/joy_tester:/opt/ros/humble /usr/bin/cmake /home/ivan/ros2_ws_2501/src/f112th_sim_2501_alpha -DAMENT_CMAKE_SYMLINK_INSTALL=1 -DCMAKE_INSTALL_PREFIX=/home/ivan/ros2_ws_2501/install/f112th_sim_2501_alpha
[1.243s] DEBUG:colcon.colcon_core.event_handler.log_command:Invoking command in '/home/ivan/ros2_ws_2501/build/f112th_sim_2501_alpha': CMAKE_PREFIX_PATH=${CMAKE_PREFIX_PATH}:/home/ivan/ros2_ws_2501/install/joy_tester:/opt/ros/humble /usr/bin/cmake --build /home/ivan/ros2_ws_2501/build/f112th_sim_2501_alpha -- -j12 -l12
[1.244s] Level 1:colcon.colcon_core.shell:create_environment_hook('joy_tester', 'pythonpath_develop')
[1.244s] INFO:colcon.colcon_core.shell:Creating environment hook '/home/ivan/ros2_ws_2501/build/joy_tester/share/joy_tester/hook/pythonpath_develop.ps1'
[1.244s] DEBUG:colcon.colcon_core.event_handler.log_command:Invoked command in '/home/ivan/ros2_ws_2501/build/joy_tester' returned '0': PYTHONPATH=/home/ivan/ros2_ws_2501/build/joy_tester/prefix_override:/usr/lib/python3/dist-packages/colcon_core/task/python/colcon_distutils_commands:/home/ivan/ros2_ws_2501/install/joy_tester/lib/python3.10/site-packages:${PYTHONPATH} /usr/bin/python3 -W ignore:setup.py install is deprecated -W ignore:easy_install command is deprecated setup.py develop --editable --build-directory /home/ivan/ros2_ws_2501/build/joy_tester/build --no-deps symlink_data
[1.244s] INFO:colcon.colcon_core.shell:Creating environment descriptor '/home/ivan/ros2_ws_2501/build/joy_tester/share/joy_tester/hook/pythonpath_develop.dsv'
[1.245s] INFO:colcon.colcon_core.shell:Creating environment hook '/home/ivan/ros2_ws_2501/build/joy_tester/share/joy_tester/hook/pythonpath_develop.sh'
[1.247s] Level 1:colcon.colcon_core.environment:checking '/home/ivan/ros2_ws_2501/install/joy_tester' for CMake module files
[1.247s] Level 1:colcon.colcon_core.environment:checking '/home/ivan/ros2_ws_2501/install/joy_tester' for CMake config files
[1.247s] Level 1:colcon.colcon_core.environment:checking '/home/ivan/ros2_ws_2501/install/joy_tester/lib'
[1.247s] Level 1:colcon.colcon_core.environment:checking '/home/ivan/ros2_ws_2501/install/joy_tester/bin'
[1.247s] Level 1:colcon.colcon_core.environment:checking '/home/ivan/ros2_ws_2501/install/joy_tester/lib/pkgconfig/joy_tester.pc'
[1.248s] Level 1:colcon.colcon_core.environment:checking '/home/ivan/ros2_ws_2501/install/joy_tester/lib/python3.10/site-packages'
[1.248s] Level 1:colcon.colcon_core.shell:create_environment_hook('joy_tester', 'pythonpath')
[1.248s] INFO:colcon.colcon_core.shell:Creating environment hook '/home/ivan/ros2_ws_2501/install/joy_tester/share/joy_tester/hook/pythonpath.ps1'
[1.248s] INFO:colcon.colcon_core.shell:Creating environment descriptor '/home/ivan/ros2_ws_2501/install/joy_tester/share/joy_tester/hook/pythonpath.dsv'
[1.248s] INFO:colcon.colcon_core.shell:Creating environment hook '/home/ivan/ros2_ws_2501/install/joy_tester/share/joy_tester/hook/pythonpath.sh'
[1.249s] Level 1:colcon.colcon_core.environment:checking '/home/ivan/ros2_ws_2501/install/joy_tester/bin'
[1.249s] Level 1:colcon.colcon_core.environment:create_environment_scripts_only(joy_tester)
[1.249s] INFO:colcon.colcon_core.shell:Creating package script '/home/ivan/ros2_ws_2501/install/joy_tester/share/joy_tester/package.ps1'
[1.250s] INFO:colcon.colcon_core.shell:Creating package descriptor '/home/ivan/ros2_ws_2501/install/joy_tester/share/joy_tester/package.dsv'
[1.250s] INFO:colcon.colcon_core.shell:Creating package script '/home/ivan/ros2_ws_2501/install/joy_tester/share/joy_tester/package.sh'
[1.251s] INFO:colcon.colcon_core.shell:Creating package script '/home/ivan/ros2_ws_2501/install/joy_tester/share/joy_tester/package.bash'
[1.252s] INFO:colcon.colcon_core.shell:Creating package script '/home/ivan/ros2_ws_2501/install/joy_tester/share/joy_tester/package.zsh'
[1.252s] Level 1:colcon.colcon_core.environment:create_file_with_runtime_dependencies(/home/ivan/ros2_ws_2501/install/joy_tester/share/colcon-core/packages/joy_tester)
[1.413s] DEBUG:colcon.colcon_core.event_handler.log_command:Invoked command in '/home/ivan/ros2_ws_2501/build/wall_following_alpha' returned '0': CMAKE_PREFIX_PATH=${CMAKE_PREFIX_PATH}:/home/ivan/ros2_ws_2501/install/joy_tester:/opt/ros/humble /usr/bin/cmake /home/ivan/ros2_ws_2501/src/wall_following_alpha -DAMENT_CMAKE_SYMLINK_INSTALL=1 -DCMAKE_INSTALL_PREFIX=/home/ivan/ros2_ws_2501/install/wall_following_alpha
[1.414s] DEBUG:colcon.colcon_core.event_handler.log_command:Invoking command in '/home/ivan/ros2_ws_2501/build/wall_following_alpha': CMAKE_PREFIX_PATH=${CMAKE_PREFIX_PATH}:/home/ivan/ros2_ws_2501/install/joy_tester:/opt/ros/humble /usr/bin/cmake --build /home/ivan/ros2_ws_2501/build/wall_following_alpha -- -j12 -l12
[1.442s] DEBUG:colcon.colcon_core.event_handler.log_command:Invoked command in '/home/ivan/ros2_ws_2501/build/wall_following_alpha' returned '0': CMAKE_PREFIX_PATH=${CMAKE_PREFIX_PATH}:/home/ivan/ros2_ws_2501/install/joy_tester:/opt/ros/humble /usr/bin/cmake --build /home/ivan/ros2_ws_2501/build/wall_following_alpha -- -j12 -l12
[1.449s] DEBUG:colcon.colcon_core.event_handler.log_command:Invoking command in '/home/ivan/ros2_ws_2501/build/wall_following_alpha': CMAKE_PREFIX_PATH=${CMAKE_PREFIX_PATH}:/home/ivan/ros2_ws_2501/install/joy_tester:/opt/ros/humble /usr/bin/cmake --install /home/ivan/ros2_ws_2501/build/wall_following_alpha
[1.550s] Level 1:colcon.colcon_core.environment:create_environment_scripts_only(wall_following_alpha)
[1.550s] Level 1:colcon.colcon_core.environment:checking '/home/ivan/ros2_ws_2501/install/wall_following_alpha' for CMake module files
[1.551s] DEBUG:colcon.colcon_core.event_handler.log_command:Invoked command in '/home/ivan/ros2_ws_2501/build/wall_following_alpha' returned '0': CMAKE_PREFIX_PATH=${CMAKE_PREFIX_PATH}:/home/ivan/ros2_ws_2501/install/joy_tester:/opt/ros/humble /usr/bin/cmake --install /home/ivan/ros2_ws_2501/build/wall_following_alpha
[1.551s] Level 1:colcon.colcon_core.environment:checking '/home/ivan/ros2_ws_2501/install/wall_following_alpha' for CMake config files
[1.551s] Level 1:colcon.colcon_core.shell:create_environment_hook('wall_following_alpha', 'cmake_prefix_path')
[1.551s] INFO:colcon.colcon_core.shell:Creating environment hook '/home/ivan/ros2_ws_2501/install/wall_following_alpha/share/wall_following_alpha/hook/cmake_prefix_path.ps1'
[1.551s] INFO:colcon.colcon_core.shell:Creating environment descriptor '/home/ivan/ros2_ws_2501/install/wall_following_alpha/share/wall_following_alpha/hook/cmake_prefix_path.dsv'
[1.552s] INFO:colcon.colcon_core.shell:Creating environment hook '/home/ivan/ros2_ws_2501/install/wall_following_alpha/share/wall_following_alpha/hook/cmake_prefix_path.sh'
[1.552s] Level 1:colcon.colcon_core.environment:checking '/home/ivan/ros2_ws_2501/install/wall_following_alpha/lib'
[1.552s] Level 1:colcon.colcon_core.environment:checking '/home/ivan/ros2_ws_2501/install/wall_following_alpha/bin'
[1.552s] Level 1:colcon.colcon_core.environment:checking '/home/ivan/ros2_ws_2501/install/wall_following_alpha/lib/pkgconfig/wall_following_alpha.pc'
[1.553s] Level 1:colcon.colcon_core.environment:checking '/home/ivan/ros2_ws_2501/install/wall_following_alpha/lib/python3.10/site-packages'
[1.553s] Level 1:colcon.colcon_core.environment:checking '/home/ivan/ros2_ws_2501/install/wall_following_alpha/bin'
[1.553s] INFO:colcon.colcon_core.shell:Creating package script '/home/ivan/ros2_ws_2501/install/wall_following_alpha/share/wall_following_alpha/package.ps1'
[1.553s] INFO:colcon.colcon_core.shell:Creating package descriptor '/home/ivan/ros2_ws_2501/install/wall_following_alpha/share/wall_following_alpha/package.dsv'
[1.553s] INFO:colcon.colcon_core.shell:Creating package script '/home/ivan/ros2_ws_2501/install/wall_following_alpha/share/wall_following_alpha/package.sh'
[1.554s] INFO:colcon.colcon_core.shell:Creating package script '/home/ivan/ros2_ws_2501/install/wall_following_alpha/share/wall_following_alpha/package.bash'
[1.554s] INFO:colcon.colcon_core.shell:Creating package script '/home/ivan/ros2_ws_2501/install/wall_following_alpha/share/wall_following_alpha/package.zsh'
[1.554s] Level 1:colcon.colcon_core.environment:create_file_with_runtime_dependencies(/home/ivan/ros2_ws_2501/install/wall_following_alpha/share/colcon-core/packages/wall_following_alpha)
[1.555s] Level 1:colcon.colcon_core.environment:create_environment_scripts_only(wall_following_alpha)
[1.555s] Level 1:colcon.colcon_core.environment:checking '/home/ivan/ros2_ws_2501/install/wall_following_alpha' for CMake module files
[1.555s] Level 1:colcon.colcon_core.environment:checking '/home/ivan/ros2_ws_2501/install/wall_following_alpha' for CMake config files
[1.555s] Level 1:colcon.colcon_core.shell:create_environment_hook('wall_following_alpha', 'cmake_prefix_path')
[1.556s] INFO:colcon.colcon_core.shell:Creating environment hook '/home/ivan/ros2_ws_2501/install/wall_following_alpha/share/wall_following_alpha/hook/cmake_prefix_path.ps1'
[1.556s] INFO:colcon.colcon_core.shell:Creating environment descriptor '/home/ivan/ros2_ws_2501/install/wall_following_alpha/share/wall_following_alpha/hook/cmake_prefix_path.dsv'
[1.556s] INFO:colcon.colcon_core.shell:Creating environment hook '/home/ivan/ros2_ws_2501/install/wall_following_alpha/share/wall_following_alpha/hook/cmake_prefix_path.sh'
[1.557s] Level 1:colcon.colcon_core.environment:checking '/home/ivan/ros2_ws_2501/install/wall_following_alpha/lib'
[1.557s] Level 1:colcon.colcon_core.environment:checking '/home/ivan/ros2_ws_2501/install/wall_following_alpha/bin'
[1.557s] Level 1:colcon.colcon_core.environment:checking '/home/ivan/ros2_ws_2501/install/wall_following_alpha/lib/pkgconfig/wall_following_alpha.pc'
[1.557s] Level 1:colcon.colcon_core.environment:checking '/home/ivan/ros2_ws_2501/install/wall_following_alpha/lib/python3.10/site-packages'
[1.557s] Level 1:colcon.colcon_core.environment:checking '/home/ivan/ros2_ws_2501/install/wall_following_alpha/bin'
[1.557s] INFO:colcon.colcon_core.shell:Creating package script '/home/ivan/ros2_ws_2501/install/wall_following_alpha/share/wall_following_alpha/package.ps1'
[1.558s] INFO:colcon.colcon_core.shell:Creating package descriptor '/home/ivan/ros2_ws_2501/install/wall_following_alpha/share/wall_following_alpha/package.dsv'
[1.558s] INFO:colcon.colcon_core.shell:Creating package script '/home/ivan/ros2_ws_2501/install/wall_following_alpha/share/wall_following_alpha/package.sh'
[1.558s] INFO:colcon.colcon_core.shell:Creating package script '/home/ivan/ros2_ws_2501/install/wall_following_alpha/share/wall_following_alpha/package.bash'
[1.559s] INFO:colcon.colcon_core.shell:Creating package script '/home/ivan/ros2_ws_2501/install/wall_following_alpha/share/wall_following_alpha/package.zsh'
[1.559s] Level 1:colcon.colcon_core.environment:create_file_with_runtime_dependencies(/home/ivan/ros2_ws_2501/install/wall_following_alpha/share/colcon-core/packages/wall_following_alpha)
[10.006s] DEBUG:colcon.colcon_core.event_handler.log_command:Invoked command in '/home/ivan/ros2_ws_2501/build/f112th_sim_2501_alpha' returned '0': CMAKE_PREFIX_PATH=${CMAKE_PREFIX_PATH}:/home/ivan/ros2_ws_2501/install/joy_tester:/opt/ros/humble /usr/bin/cmake --build /home/ivan/ros2_ws_2501/build/f112th_sim_2501_alpha -- -j12 -l12
[10.008s] DEBUG:colcon.colcon_core.event_handler.log_command:Invoking command in '/home/ivan/ros2_ws_2501/build/f112th_sim_2501_alpha': CMAKE_PREFIX_PATH=${CMAKE_PREFIX_PATH}:/home/ivan/ros2_ws_2501/install/joy_tester:/opt/ros/humble /usr/bin/cmake --install /home/ivan/ros2_ws_2501/build/f112th_sim_2501_alpha
[10.233s] Level 1:colcon.colcon_core.environment:create_environment_scripts_only(f112th_sim_2501_alpha)
[10.234s] Level 1:colcon.colcon_core.environment:checking '/home/ivan/ros2_ws_2501/install/f112th_sim_2501_alpha' for CMake module files
[10.234s] DEBUG:colcon.colcon_core.event_handler.log_command:Invoked command in '/home/ivan/ros2_ws_2501/build/f112th_sim_2501_alpha' returned '0': CMAKE_PREFIX_PATH=${CMAKE_PREFIX_PATH}:/home/ivan/ros2_ws_2501/install/joy_tester:/opt/ros/humble /usr/bin/cmake --install /home/ivan/ros2_ws_2501/build/f112th_sim_2501_alpha
[10.234s] Level 1:colcon.colcon_core.environment:checking '/home/ivan/ros2_ws_2501/install/f112th_sim_2501_alpha' for CMake config files
[10.235s] Level 1:colcon.colcon_core.shell:create_environment_hook('f112th_sim_2501_alpha', 'cmake_prefix_path')
[10.235s] INFO:colcon.colcon_core.shell:Creating environment hook '/home/ivan/ros2_ws_2501/install/f112th_sim_2501_alpha/share/f112th_sim_2501_alpha/hook/cmake_prefix_path.ps1'
[10.235s] INFO:colcon.colcon_core.shell:Creating environment descriptor '/home/ivan/ros2_ws_2501/install/f112th_sim_2501_alpha/share/f112th_sim_2501_alpha/hook/cmake_prefix_path.dsv'
[10.235s] INFO:colcon.colcon_core.shell:Creating environment hook '/home/ivan/ros2_ws_2501/install/f112th_sim_2501_alpha/share/f112th_sim_2501_alpha/hook/cmake_prefix_path.sh'
[10.236s] Level 1:colcon.colcon_core.environment:checking '/home/ivan/ros2_ws_2501/install/f112th_sim_2501_alpha/lib'
[10.236s] Level 1:colcon.colcon_core.environment:checking '/home/ivan/ros2_ws_2501/install/f112th_sim_2501_alpha/bin'
[10.236s] Level 1:colcon.colcon_core.environment:checking '/home/ivan/ros2_ws_2501/install/f112th_sim_2501_alpha/lib/pkgconfig/f112th_sim_2501_alpha.pc'
[10.236s] Level 1:colcon.colcon_core.environment:checking '/home/ivan/ros2_ws_2501/install/f112th_sim_2501_alpha/lib/python3.10/site-packages'
[10.236s] Level 1:colcon.colcon_core.environment:checking '/home/ivan/ros2_ws_2501/install/f112th_sim_2501_alpha/bin'
[10.236s] INFO:colcon.colcon_core.shell:Creating package script '/home/ivan/ros2_ws_2501/install/f112th_sim_2501_alpha/share/f112th_sim_2501_alpha/package.ps1'
[10.237s] INFO:colcon.colcon_core.shell:Creating package descriptor '/home/ivan/ros2_ws_2501/install/f112th_sim_2501_alpha/share/f112th_sim_2501_alpha/package.dsv'
[10.237s] INFO:colcon.colcon_core.shell:Creating package script '/home/ivan/ros2_ws_2501/install/f112th_sim_2501_alpha/share/f112th_sim_2501_alpha/package.sh'
[10.237s] INFO:colcon.colcon_core.shell:Creating package script '/home/ivan/ros2_ws_2501/install/f112th_sim_2501_alpha/share/f112th_sim_2501_alpha/package.bash'
[10.237s] INFO:colcon.colcon_core.shell:Creating package script '/home/ivan/ros2_ws_2501/install/f112th_sim_2501_alpha/share/f112th_sim_2501_alpha/package.zsh'
[10.238s] Level 1:colcon.colcon_core.environment:create_file_with_runtime_dependencies(/home/ivan/ros2_ws_2501/install/f112th_sim_2501_alpha/share/colcon-core/packages/f112th_sim_2501_alpha)
[10.238s] Level 1:colcon.colcon_core.environment:create_environment_scripts_only(f112th_sim_2501_alpha)
[10.238s] Level 1:colcon.colcon_core.environment:checking '/home/ivan/ros2_ws_2501/install/f112th_sim_2501_alpha' for CMake module files
[10.239s] Level 1:colcon.colcon_core.environment:checking '/home/ivan/ros2_ws_2501/install/f112th_sim_2501_alpha' for CMake config files
[10.239s] Level 1:colcon.colcon_core.shell:create_environment_hook('f112th_sim_2501_alpha', 'cmake_prefix_path')
[10.239s] INFO:colcon.colcon_core.shell:Creating environment hook '/home/ivan/ros2_ws_2501/install/f112th_sim_2501_alpha/share/f112th_sim_2501_alpha/hook/cmake_prefix_path.ps1'
[10.239s] INFO:colcon.colcon_core.shell:Creating environment descriptor '/home/ivan/ros2_ws_2501/install/f112th_sim_2501_alpha/share/f112th_sim_2501_alpha/hook/cmake_prefix_path.dsv'
[10.239s] INFO:colcon.colcon_core.shell:Creating environment hook '/home/ivan/ros2_ws_2501/install/f112th_sim_2501_alpha/share/f112th_sim_2501_alpha/hook/cmake_prefix_path.sh'
[10.240s] Level 1:colcon.colcon_core.environment:checking '/home/ivan/ros2_ws_2501/install/f112th_sim_2501_alpha/lib'
[10.240s] Level 1:colcon.colcon_core.environment:checking '/home/ivan/ros2_ws_2501/install/f112th_sim_2501_alpha/bin'
[10.240s] Level 1:colcon.colcon_core.environment:checking '/home/ivan/ros2_ws_2501/install/f112th_sim_2501_alpha/lib/pkgconfig/f112th_sim_2501_alpha.pc'
[10.240s] Level 1:colcon.colcon_core.environment:checking '/home/ivan/ros2_ws_2501/install/f112th_sim_2501_alpha/lib/python3.10/site-packages'
[10.240s] Level 1:colcon.colcon_core.environment:checking '/home/ivan/ros2_ws_2501/install/f112th_sim_2501_alpha/bin'
[10.241s] INFO:colcon.colcon_core.shell:Creating package script '/home/ivan/ros2_ws_2501/install/f112th_sim_2501_alpha/share/f112th_sim_2501_alpha/package.ps1'
[10.241s] INFO:colcon.colcon_core.shell:Creating package descriptor '/home/ivan/ros2_ws_2501/install/f112th_sim_2501_alpha/share/f112th_sim_2501_alpha/package.dsv'
[10.241s] INFO:colcon.colcon_core.shell:Creating package script '/home/ivan/ros2_ws_2501/install/f112th_sim_2501_alpha/share/f112th_sim_2501_alpha/package.sh'
[10.242s] INFO:colcon.colcon_core.shell:Creating package script '/home/ivan/ros2_ws_2501/install/f112th_sim_2501_alpha/share/f112th_sim_2501_alpha/package.bash'
[10.242s] INFO:colcon.colcon_core.shell:Creating package script '/home/ivan/ros2_ws_2501/install/f112th_sim_2501_alpha/share/f112th_sim_2501_alpha/package.zsh'
[10.242s] Level 1:colcon.colcon_core.environment:create_file_with_runtime_dependencies(/home/ivan/ros2_ws_2501/install/f112th_sim_2501_alpha/share/colcon-core/packages/f112th_sim_2501_alpha)
[10.242s] DEBUG:colcon.colcon_parallel_executor.executor.parallel:closing loop
[10.243s] DEBUG:colcon.colcon_parallel_executor.executor.parallel:loop closed
[10.243s] DEBUG:colcon.colcon_parallel_executor.executor.parallel:run_until_complete finished with '0'
[10.243s] DEBUG:colcon.colcon_core.event_reactor:joining thread
[10.246s] INFO:colcon.colcon_core.plugin_system:Skipping extension 'colcon_notification.desktop_notification.terminal_notifier': Not used on non-Darwin systems
[10.247s] INFO:colcon.colcon_core.plugin_system:Skipping extension 'colcon_notification.desktop_notification.win32': Not used on non-Windows systems
[10.247s] INFO:colcon.colcon_notification.desktop_notification:Sending desktop notification using 'notify2'
[10.255s] DEBUG:colcon.colcon_core.event_reactor:joined thread
[10.255s] INFO:colcon.colcon_core.shell:Creating prefix script '/home/ivan/ros2_ws_2501/install/local_setup.ps1'
[10.256s] INFO:colcon.colcon_core.shell:Creating prefix util module '/home/ivan/ros2_ws_2501/install/_local_setup_util_ps1.py'
[10.257s] INFO:colcon.colcon_core.shell:Creating prefix chain script '/home/ivan/ros2_ws_2501/install/setup.ps1'
[10.258s] INFO:colcon.colcon_core.shell:Creating prefix script '/home/ivan/ros2_ws_2501/install/local_setup.sh'
[10.259s] INFO:colcon.colcon_core.shell:Creating prefix util module '/home/ivan/ros2_ws_2501/install/_local_setup_util_sh.py'
[10.259s] INFO:colcon.colcon_core.shell:Creating prefix chain script '/home/ivan/ros2_ws_2501/install/setup.sh'
[10.260s] INFO:colcon.colcon_core.shell:Creating prefix script '/home/ivan/ros2_ws_2501/install/local_setup.bash'
[10.260s] INFO:colcon.colcon_core.shell:Creating prefix chain script '/home/ivan/ros2_ws_2501/install/setup.bash'
[10.261s] INFO:colcon.colcon_core.shell:Creating prefix script '/home/ivan/ros2_ws_2501/install/local_setup.zsh'
[10.261s] INFO:colcon.colcon_core.shell:Creating prefix chain script '/home/ivan/ros2_ws_2501/install/setup.zsh'
