-- Found ament_cmake: 1.3.11 (/opt/ros/humble/share/ament_cmake/cmake)
-- Override CMake install command with custom implementation using symlinks instead of copying resources
-- Found rclcpp: 16.0.11 (/opt/ros/humble/share/rclcpp/cmake)
-- Found rosidl_generator_c: 3.1.6 (/opt/ros/humble/share/rosidl_generator_c/cmake)
-- Found rosidl_adapter: 3.1.6 (/opt/ros/humble/share/rosidl_adapter/cmake)
-- Found rosidl_generator_cpp: 3.1.6 (/opt/ros/humble/share/rosidl_generator_cpp/cmake)
-- Using all available rosidl_typesupport_c: rosidl_typesupport_fastrtps_c;rosidl_typesupport_introspection_c
-- Using all available rosidl_typesupport_cpp: rosidl_typesupport_fastrtps_cpp;rosidl_typesupport_introspection_cpp
-- Found rmw_implementation_cmake: 6.1.2 (/opt/ros/humble/share/rmw_implementation_cmake/cmake)
-- Found rmw_fastrtps_cpp: 6.2.7 (/opt/ros/humble/share/rmw_fastrtps_cpp/cmake)
-- Using RMW implementation 'rmw_fastrtps_cpp' as default
-- Found sensor_msgs: 4.2.4 (/opt/ros/humble/share/sensor_msgs/cmake)
-- Found ament_lint_auto: 0.12.11 (/opt/ros/humble/share/ament_lint_auto/cmake)
-- Added test 'flake8' to check Python code syntax and style conventions
-- Added test 'lint_cmake' to check CMake code style
-- Added test 'pep257' to check Python code against some of the docstring style conventions in PEP 257
-- Added test 'xmllint' to check XML markup files
-- Configuring done
-- Generating done
-- Build files have been written to: /home/ivan/ros2_ws_2501/build/wall_following_alpha
-- Install configuration: ""
-- Execute custom install script
-- Up-to-date symlink: /home/ivan/ros2_ws_2501/install/wall_following_alpha/lib/wall_following_alpha/dist_finder_alpha.py
-- Up-to-date symlink: /home/ivan/ros2_ws_2501/install/wall_following_alpha/lib/wall_following_alpha/control_alpha.py
-- Up-to-date symlink: /home/ivan/ros2_ws_2501/install/wall_following_alpha/lib/wall_following_alpha/gap_finder.py
-- Symlinking: /home/ivan/ros2_ws_2501/install/wall_following_alpha/lib/wall_following_alpha/control_alpha_gap.py
-- Up-to-date symlink: /home/ivan/ros2_ws_2501/install/wall_following_alpha/share/wall_following_alpha/launch/gap_following_alpha.launch.py
-- Up-to-date symlink: /home/ivan/ros2_ws_2501/install/wall_following_alpha/share/wall_following_alpha/launch/wall_following_alpha.launch.py
-- Up-to-date symlink: /home/ivan/ros2_ws_2501/install/wall_following_alpha/share/wall_following_alpha/src/control_alpha.py
-- Symlinking: /home/ivan/ros2_ws_2501/install/wall_following_alpha/share/wall_following_alpha/src/control_alpha_gap.py
-- Up-to-date symlink: /home/ivan/ros2_ws_2501/install/wall_following_alpha/share/wall_following_alpha/src/dist_finder_alpha.py
-- Up-to-date symlink: /home/ivan/ros2_ws_2501/install/wall_following_alpha/share/wall_following_alpha/src/gap_finder.py
-- Up-to-date symlink: /home/ivan/ros2_ws_2501/install/wall_following_alpha/share/ament_index/resource_index/package_run_dependencies/wall_following_alpha
-- Up-to-date symlink: /home/ivan/ros2_ws_2501/install/wall_following_alpha/share/ament_index/resource_index/parent_prefix_path/wall_following_alpha
-- Up-to-date symlink: /home/ivan/ros2_ws_2501/install/wall_following_alpha/share/wall_following_alpha/environment/ament_prefix_path.sh
-- Up-to-date symlink: /home/ivan/ros2_ws_2501/install/wall_following_alpha/share/wall_following_alpha/environment/ament_prefix_path.dsv
-- Up-to-date symlink: /home/ivan/ros2_ws_2501/install/wall_following_alpha/share/wall_following_alpha/environment/path.sh
-- Up-to-date symlink: /home/ivan/ros2_ws_2501/install/wall_following_alpha/share/wall_following_alpha/environment/path.dsv
-- Up-to-date symlink: /home/ivan/ros2_ws_2501/install/wall_following_alpha/share/wall_following_alpha/local_setup.bash
-- Up-to-date symlink: /home/ivan/ros2_ws_2501/install/wall_following_alpha/share/wall_following_alpha/local_setup.sh
-- Up-to-date symlink: /home/ivan/ros2_ws_2501/install/wall_following_alpha/share/wall_following_alpha/local_setup.zsh
-- Up-to-date symlink: /home/ivan/ros2_ws_2501/install/wall_following_alpha/share/wall_following_alpha/local_setup.dsv
-- Symlinking: /home/ivan/ros2_ws_2501/install/wall_following_alpha/share/wall_following_alpha/package.dsv
-- Up-to-date symlink: /home/ivan/ros2_ws_2501/install/wall_following_alpha/share/ament_index/resource_index/packages/wall_following_alpha
-- Up-to-date symlink: /home/ivan/ros2_ws_2501/install/wall_following_alpha/share/wall_following_alpha/cmake/wall_following_alphaConfig.cmake
-- Up-to-date symlink: /home/ivan/ros2_ws_2501/install/wall_following_alpha/share/wall_following_alpha/cmake/wall_following_alphaConfig-version.cmake
-- Up-to-date symlink: /home/ivan/ros2_ws_2501/install/wall_following_alpha/share/wall_following_alpha/package.xml
