[0.221s] Invoking command in '/home/ivan/ros2_ws_2501/build/wall_following_alpha': CMAKE_PREFIX_PATH=${CMAKE_PREFIX_PATH}:/home/ivan/ros2_ws_2501/install/joy_tester:/opt/ros/humble /usr/bin/cmake /home/ivan/ros2_ws_2501/src/wall_following_alpha -DAMENT_CMAKE_SYMLINK_INSTALL=1 -DCMAKE_INSTALL_PREFIX=/home/ivan/ros2_ws_2501/install/wall_following_alpha
[0.257s] -- The C compiler identification is GNU 11.4.0
[0.300s] -- The CXX compiler identification is GNU 11.4.0
[0.306s] -- Detecting C compiler ABI info
[0.355s] -- Detecting C compiler ABI info - done
[0.362s] -- Check for working C compiler: /usr/bin/cc - skipped
[0.362s] -- Detecting C compile features
[0.362s] -- Detecting C compile features - done
[0.365s] -- Detecting CXX compiler ABI info
[0.425s] -- Detecting CXX compiler ABI info - done
[0.432s] -- Check for working CXX compiler: /usr/bin/c++ - skipped
[0.432s] -- Detecting CXX compile features
[0.432s] -- Detecting CXX compile features - done
[0.434s] -- Found ament_cmake: 1.3.11 (/opt/ros/humble/share/ament_cmake/cmake)
[0.553s] -- Found Python3: /usr/bin/python3 (found version "3.10.12") found components: Interpreter 
[0.606s] -- Override CMake install command with custom implementation using symlinks instead of copying resources
[0.627s] -- Found rclcpp: 16.0.11 (/opt/ros/humble/share/rclcpp/cmake)
[0.660s] -- Found rosidl_generator_c: 3.1.6 (/opt/ros/humble/share/rosidl_generator_c/cmake)
[0.664s] -- Found rosidl_adapter: 3.1.6 (/opt/ros/humble/share/rosidl_adapter/cmake)
[0.671s] -- Found rosidl_generator_cpp: 3.1.6 (/opt/ros/humble/share/rosidl_generator_cpp/cmake)
[0.681s] -- Using all available rosidl_typesupport_c: rosidl_typesupport_fastrtps_c;rosidl_typesupport_introspection_c
[0.695s] -- Using all available rosidl_typesupport_cpp: rosidl_typesupport_fastrtps_cpp;rosidl_typesupport_introspection_cpp
[0.732s] -- Found rmw_implementation_cmake: 6.1.2 (/opt/ros/humble/share/rmw_implementation_cmake/cmake)
[0.734s] -- Found rmw_fastrtps_cpp: 6.2.7 (/opt/ros/humble/share/rmw_fastrtps_cpp/cmake)
[0.796s] -- Found OpenSSL: /usr/lib/x86_64-linux-gnu/libcrypto.so (found version "3.0.2")  
[0.819s] -- Found FastRTPS: /opt/ros/humble/include  
[0.853s] -- Using RMW implementation 'rmw_fastrtps_cpp' as default
[0.860s] -- Looking for pthread.h
[0.913s] -- Looking for pthread.h - found
[0.913s] -- Performing Test CMAKE_HAVE_LIBC_PTHREAD
[0.966s] -- Performing Test CMAKE_HAVE_LIBC_PTHREAD - Success
[0.966s] -- Found Threads: TRUE  
[1.010s] -- Found sensor_msgs: 4.2.4 (/opt/ros/humble/share/sensor_msgs/cmake)
[1.037s] -- Found ament_lint_auto: 0.12.11 (/opt/ros/humble/share/ament_lint_auto/cmake)
[1.097s] -- Added test 'flake8' to check Python code syntax and style conventions
[1.097s] -- Added test 'lint_cmake' to check CMake code style
[1.098s] -- Added test 'pep257' to check Python code against some of the docstring style conventions in PEP 257
[1.098s] -- Added test 'xmllint' to check XML markup files
[1.099s] -- Configuring done
[1.103s] -- Generating done
[1.105s] -- Build files have been written to: /home/ivan/ros2_ws_2501/build/wall_following_alpha
[1.112s] Invoked command in '/home/ivan/ros2_ws_2501/build/wall_following_alpha' returned '0': CMAKE_PREFIX_PATH=${CMAKE_PREFIX_PATH}:/home/ivan/ros2_ws_2501/install/joy_tester:/opt/ros/humble /usr/bin/cmake /home/ivan/ros2_ws_2501/src/wall_following_alpha -DAMENT_CMAKE_SYMLINK_INSTALL=1 -DCMAKE_INSTALL_PREFIX=/home/ivan/ros2_ws_2501/install/wall_following_alpha
[1.112s] Invoking command in '/home/ivan/ros2_ws_2501/build/wall_following_alpha': CMAKE_PREFIX_PATH=${CMAKE_PREFIX_PATH}:/home/ivan/ros2_ws_2501/install/joy_tester:/opt/ros/humble /usr/bin/cmake --build /home/ivan/ros2_ws_2501/build/wall_following_alpha -- -j12 -l12
[1.140s] Invoked command in '/home/ivan/ros2_ws_2501/build/wall_following_alpha' returned '0': CMAKE_PREFIX_PATH=${CMAKE_PREFIX_PATH}:/home/ivan/ros2_ws_2501/install/joy_tester:/opt/ros/humble /usr/bin/cmake --build /home/ivan/ros2_ws_2501/build/wall_following_alpha -- -j12 -l12
[1.147s] Invoking command in '/home/ivan/ros2_ws_2501/build/wall_following_alpha': CMAKE_PREFIX_PATH=${CMAKE_PREFIX_PATH}:/home/ivan/ros2_ws_2501/install/joy_tester:/opt/ros/humble /usr/bin/cmake --install /home/ivan/ros2_ws_2501/build/wall_following_alpha
[1.152s] -- Install configuration: ""
[1.152s] -- Execute custom install script
[1.152s] -- Symlinking: /home/ivan/ros2_ws_2501/install/wall_following_alpha/lib/wall_following_alpha/dist_finder_alpha.py
[1.158s] -- Symlinking: /home/ivan/ros2_ws_2501/install/wall_following_alpha/lib/wall_following_alpha/control_alpha.py
[1.164s] -- Symlinking: /home/ivan/ros2_ws_2501/install/wall_following_alpha/share/ament_index/resource_index/package_run_dependencies/wall_following_alpha
[1.169s] -- Symlinking: /home/ivan/ros2_ws_2501/install/wall_following_alpha/share/ament_index/resource_index/parent_prefix_path/wall_following_alpha
[1.175s] -- Symlinking: /home/ivan/ros2_ws_2501/install/wall_following_alpha/share/wall_following_alpha/environment/ament_prefix_path.sh
[1.180s] -- Symlinking: /home/ivan/ros2_ws_2501/install/wall_following_alpha/share/wall_following_alpha/environment/ament_prefix_path.dsv
[1.185s] -- Symlinking: /home/ivan/ros2_ws_2501/install/wall_following_alpha/share/wall_following_alpha/environment/path.sh
[1.191s] -- Symlinking: /home/ivan/ros2_ws_2501/install/wall_following_alpha/share/wall_following_alpha/environment/path.dsv
[1.196s] -- Symlinking: /home/ivan/ros2_ws_2501/install/wall_following_alpha/share/wall_following_alpha/local_setup.bash
[1.202s] -- Symlinking: /home/ivan/ros2_ws_2501/install/wall_following_alpha/share/wall_following_alpha/local_setup.sh
[1.208s] -- Symlinking: /home/ivan/ros2_ws_2501/install/wall_following_alpha/share/wall_following_alpha/local_setup.zsh
[1.213s] -- Symlinking: /home/ivan/ros2_ws_2501/install/wall_following_alpha/share/wall_following_alpha/local_setup.dsv
[1.219s] -- Symlinking: /home/ivan/ros2_ws_2501/install/wall_following_alpha/share/wall_following_alpha/package.dsv
[1.225s] -- Symlinking: /home/ivan/ros2_ws_2501/install/wall_following_alpha/share/ament_index/resource_index/packages/wall_following_alpha
[1.231s] -- Symlinking: /home/ivan/ros2_ws_2501/install/wall_following_alpha/share/wall_following_alpha/cmake/wall_following_alphaConfig.cmake
[1.237s] -- Symlinking: /home/ivan/ros2_ws_2501/install/wall_following_alpha/share/wall_following_alpha/cmake/wall_following_alphaConfig-version.cmake
[1.242s] -- Symlinking: /home/ivan/ros2_ws_2501/install/wall_following_alpha/share/wall_following_alpha/package.xml
[1.249s] Invoked command in '/home/ivan/ros2_ws_2501/build/wall_following_alpha' returned '0': CMAKE_PREFIX_PATH=${CMAKE_PREFIX_PATH}:/home/ivan/ros2_ws_2501/install/joy_tester:/opt/ros/humble /usr/bin/cmake --install /home/ivan/ros2_ws_2501/build/wall_following_alpha
