[0.012s] Invoking command in '/home/ivan/ros2_ws_2501/build/f112th_sim_2501_alpha': CMAKE_PREFIX_PATH=${CMAKE_PREFIX_PATH}:/home/ivan/ros2_ws_2501/install/joy_tester:/opt/ros/humble /usr/bin/cmake --build /home/ivan/ros2_ws_2501/build/f112th_sim_2501_alpha -- -j12 -l12
[0.028s] -- Found ament_cmake: 1.3.11 (/opt/ros/humble/share/ament_cmake/cmake)
[0.119s] -- Override CMake install command with custom implementation using symlinks instead of copying resources
[0.124s] -- Found ament_lint_auto: 0.12.11 (/opt/ros/humble/share/ament_lint_auto/cmake)
[0.176s] [31mCMake Error at /opt/ros/humble/share/ament_cmake_python/cmake/ament_python_install_package.cmake:39 (_ament_cmake_python_install_package):
[0.176s]   _ament_cmake_python_install_package Function invoked with incorrect
[0.176s]   arguments for function named: _ament_cmake_python_install_package
[0.176s] Call Stack (most recent call first):
[0.177s]   CMakeLists.txt:37 (ament_python_install_package)
[0.177s] 
[0.177s] [0m
[0.179s] -- Added test 'copyright' to check source files copyright and LICENSE
[0.181s] -- Added test 'flake8' to check Python code syntax and style conventions
[0.182s] -- Added test 'lint_cmake' to check CMake code style
[0.182s] -- Added test 'pep257' to check Python code against some of the docstring style conventions in PEP 257
[0.183s] -- Added test 'xmllint' to check XML markup files
[0.184s] -- Configuring incomplete, errors occurred!
[0.184s] See also "/home/ivan/ros2_ws_2501/build/f112th_sim_2501_alpha/CMakeFiles/CMakeOutput.log".
[0.186s] gmake: *** [Makefile:226: cmake_check_build_system] Error 1
[0.219s] Invoked command in '/home/ivan/ros2_ws_2501/build/f112th_sim_2501_alpha' returned '2': CMAKE_PREFIX_PATH=${CMAKE_PREFIX_PATH}:/home/ivan/ros2_ws_2501/install/joy_tester:/opt/ros/humble /usr/bin/cmake --build /home/ivan/ros2_ws_2501/build/f112th_sim_2501_alpha -- -j12 -l12
