[0.014s] Invoking command in '/home/ivan/ros2_ws_2501/build/f112th_sim_2501_alpha': CMAKE_PREFIX_PATH=${CMAKE_PREFIX_PATH}:/home/ivan/ros2_ws_2501/install/joy_tester:/opt/ros/humble /usr/bin/cmake --build /home/ivan/ros2_ws_2501/build/f112th_sim_2501_alpha -- -j12 -l12
[0.257s] Invoked command in '/home/ivan/ros2_ws_2501/build/f112th_sim_2501_alpha' returned '0': CMAKE_PREFIX_PATH=${CMAKE_PREFIX_PATH}:/home/ivan/ros2_ws_2501/install/joy_tester:/opt/ros/humble /usr/bin/cmake --build /home/ivan/ros2_ws_2501/build/f112th_sim_2501_alpha -- -j12 -l12
[0.265s] Invoking command in '/home/ivan/ros2_ws_2501/build/f112th_sim_2501_alpha': CMAKE_PREFIX_PATH=${CMAKE_PREFIX_PATH}:/home/ivan/ros2_ws_2501/install/joy_tester:/opt/ros/humble /usr/bin/cmake --install /home/ivan/ros2_ws_2501/build/f112th_sim_2501_alpha
[0.271s] -- Install configuration: ""
[0.272s] -- Execute custom install script
[0.272s] -- Up-to-date symlink: /home/ivan/ros2_ws_2501/install/f112th_sim_2501_alpha/share/f112th_sim_2501_alpha/config/joystick.yaml
[0.272s] -- Up-to-date symlink: /home/ivan/ros2_ws_2501/install/f112th_sim_2501_alpha/share/f112th_sim_2501_alpha/config/parms.yaml
[0.272s] -- Up-to-date symlink: /home/ivan/ros2_ws_2501/install/f112th_sim_2501_alpha/share/f112th_sim_2501_alpha/config/twist_mux.yaml
[0.272s] -- Up-to-date symlink: /home/ivan/ros2_ws_2501/install/f112th_sim_2501_alpha/share/f112th_sim_2501_alpha/description/ackerman.urdf.xacro
[0.272s] -- Up-to-date symlink: /home/ivan/ros2_ws_2501/install/f112th_sim_2501_alpha/share/f112th_sim_2501_alpha/description/gazebo_control.xacro
[0.272s] -- Up-to-date symlink: /home/ivan/ros2_ws_2501/install/f112th_sim_2501_alpha/share/f112th_sim_2501_alpha/description/gazebo_control_acker.xacro
[0.272s] -- Up-to-date symlink: /home/ivan/ros2_ws_2501/install/f112th_sim_2501_alpha/share/f112th_sim_2501_alpha/description/inertial_macros.xacro
[0.273s] -- Up-to-date symlink: /home/ivan/ros2_ws_2501/install/f112th_sim_2501_alpha/share/f112th_sim_2501_alpha/description/lidar.xacro
[0.273s] -- Up-to-date symlink: /home/ivan/ros2_ws_2501/install/f112th_sim_2501_alpha/share/f112th_sim_2501_alpha/description/lidar2.xacro
[0.273s] -- Up-to-date symlink: /home/ivan/ros2_ws_2501/install/f112th_sim_2501_alpha/share/f112th_sim_2501_alpha/description/modelo_robot.xacro
[0.273s] -- Up-to-date symlink: /home/ivan/ros2_ws_2501/install/f112th_sim_2501_alpha/share/f112th_sim_2501_alpha/description/properties.xacro
[0.273s] -- Up-to-date symlink: /home/ivan/ros2_ws_2501/install/f112th_sim_2501_alpha/share/f112th_sim_2501_alpha/description/robot.urdf.xacro
[0.273s] -- Up-to-date symlink: /home/ivan/ros2_ws_2501/install/f112th_sim_2501_alpha/share/f112th_sim_2501_alpha/description/robot_core.xacro
[0.273s] -- Up-to-date symlink: /home/ivan/ros2_ws_2501/install/f112th_sim_2501_alpha/share/f112th_sim_2501_alpha/description/rviz_model.rviz
[0.273s] -- Up-to-date symlink: /home/ivan/ros2_ws_2501/install/f112th_sim_2501_alpha/share/f112th_sim_2501_alpha/launch/ackerman.launch.py
[0.273s] -- Up-to-date symlink: /home/ivan/ros2_ws_2501/install/f112th_sim_2501_alpha/share/f112th_sim_2501_alpha/launch/joystick.launch.py
[0.273s] -- Up-to-date symlink: /home/ivan/ros2_ws_2501/install/f112th_sim_2501_alpha/share/f112th_sim_2501_alpha/launch/launch_sim.launch.py
[0.274s] -- Up-to-date symlink: /home/ivan/ros2_ws_2501/install/f112th_sim_2501_alpha/share/f112th_sim_2501_alpha/launch/launch_sim_ackerman.launch.py
[0.274s] -- Up-to-date symlink: /home/ivan/ros2_ws_2501/install/f112th_sim_2501_alpha/share/f112th_sim_2501_alpha/launch/rsp.launch.py
[0.274s] -- Up-to-date symlink: /home/ivan/ros2_ws_2501/install/f112th_sim_2501_alpha/share/f112th_sim_2501_alpha/launch/twist_mux.launch.py
[0.274s] -- Up-to-date symlink: /home/ivan/ros2_ws_2501/install/f112th_sim_2501_alpha/share/f112th_sim_2501_alpha/worlds/1frstworld.world
[0.274s] -- Up-to-date symlink: /home/ivan/ros2_ws_2501/install/f112th_sim_2501_alpha/share/f112th_sim_2501_alpha/worlds/empty.world
[0.274s] -- Up-to-date symlink: /home/ivan/ros2_ws_2501/install/f112th_sim_2501_alpha/share/f112th_sim_2501_alpha/worlds/my_world.world
[0.274s] -- Up-to-date symlink: /home/ivan/ros2_ws_2501/install/f112th_sim_2501_alpha/share/f112th_sim_2501_alpha/worlds/wall/model.config
[0.274s] -- Up-to-date symlink: /home/ivan/ros2_ws_2501/install/f112th_sim_2501_alpha/share/f112th_sim_2501_alpha/worlds/wall/model.sdf
[0.274s] -- Up-to-date symlink: /home/ivan/ros2_ws_2501/install/f112th_sim_2501_alpha/share/ament_index/resource_index/package_run_dependencies/f112th_sim_2501_alpha
[0.274s] -- Up-to-date symlink: /home/ivan/ros2_ws_2501/install/f112th_sim_2501_alpha/share/ament_index/resource_index/parent_prefix_path/f112th_sim_2501_alpha
[0.275s] -- Up-to-date symlink: /home/ivan/ros2_ws_2501/install/f112th_sim_2501_alpha/share/f112th_sim_2501_alpha/environment/ament_prefix_path.sh
[0.275s] -- Up-to-date symlink: /home/ivan/ros2_ws_2501/install/f112th_sim_2501_alpha/share/f112th_sim_2501_alpha/environment/ament_prefix_path.dsv
[0.275s] -- Up-to-date symlink: /home/ivan/ros2_ws_2501/install/f112th_sim_2501_alpha/share/f112th_sim_2501_alpha/environment/path.sh
[0.275s] -- Up-to-date symlink: /home/ivan/ros2_ws_2501/install/f112th_sim_2501_alpha/share/f112th_sim_2501_alpha/environment/path.dsv
[0.275s] -- Up-to-date symlink: /home/ivan/ros2_ws_2501/install/f112th_sim_2501_alpha/share/f112th_sim_2501_alpha/local_setup.bash
[0.275s] -- Up-to-date symlink: /home/ivan/ros2_ws_2501/install/f112th_sim_2501_alpha/share/f112th_sim_2501_alpha/local_setup.sh
[0.275s] -- Up-to-date symlink: /home/ivan/ros2_ws_2501/install/f112th_sim_2501_alpha/share/f112th_sim_2501_alpha/local_setup.zsh
[0.275s] -- Up-to-date symlink: /home/ivan/ros2_ws_2501/install/f112th_sim_2501_alpha/share/f112th_sim_2501_alpha/local_setup.dsv
[0.276s] -- Symlinking: /home/ivan/ros2_ws_2501/install/f112th_sim_2501_alpha/share/f112th_sim_2501_alpha/package.dsv
[0.282s] -- Up-to-date symlink: /home/ivan/ros2_ws_2501/install/f112th_sim_2501_alpha/share/ament_index/resource_index/packages/f112th_sim_2501_alpha
[0.282s] -- Up-to-date symlink: /home/ivan/ros2_ws_2501/install/f112th_sim_2501_alpha/share/f112th_sim_2501_alpha/cmake/f112th_sim_2501_alphaConfig.cmake
[0.282s] -- Up-to-date symlink: /home/ivan/ros2_ws_2501/install/f112th_sim_2501_alpha/share/f112th_sim_2501_alpha/cmake/f112th_sim_2501_alphaConfig-version.cmake
[0.282s] -- Up-to-date symlink: /home/ivan/ros2_ws_2501/install/f112th_sim_2501_alpha/share/f112th_sim_2501_alpha/package.xml
[0.284s] Invoked command in '/home/ivan/ros2_ws_2501/build/f112th_sim_2501_alpha' returned '0': CMAKE_PREFIX_PATH=${CMAKE_PREFIX_PATH}:/home/ivan/ros2_ws_2501/install/joy_tester:/opt/ros/humble /usr/bin/cmake --install /home/ivan/ros2_ws_2501/build/f112th_sim_2501_alpha
