[0.312s] DEBUG:colcon:Command line arguments: ['/usr/bin/colcon', 'build', '--symlink-install']
[0.312s] DEBUG:colcon:Parsed command line arguments: Namespace(log_base=None, log_level=None, verb_name='build', build_base='build', install_base='install', merge_install=False, symlink_install=True, test_result_base=None, continue_on_error=False, executor='parallel', parallel_workers=12, event_handlers=None, ignore_user_meta=False, metas=['./colcon.meta'], base_paths=['.'], packages_ignore=None, packages_ignore_regex=None, paths=None, packages_up_to=None, packages_up_to_regex=None, packages_above=None, packages_above_and_dependencies=None, packages_above_depth=None, packages_select_by_dep=None, packages_skip_by_dep=None, packages_skip_up_to=None, packages_select_build_failed=False, packages_skip_build_finished=False, packages_select_test_failures=False, packages_skip_test_passed=False, packages_select=None, packages_skip=None, packages_select_regex=None, packages_skip_regex=None, packages_start=None, packages_end=None, allow_overriding=[], cmake_args=None, cmake_target=None, cmake_target_skip_unavailable=False, cmake_clean_cache=False, cmake_clean_first=False, cmake_force_configure=False, ament_cmake_args=None, catkin_cmake_args=None, catkin_skip_building_tests=False, mixin_files=None, mixin=None, verb_parser=<colcon_mixin.mixin.mixin_argument.MixinArgumentDecorator object at 0x7a1a485cd7e0>, verb_extension=<colcon_core.verb.build.BuildVerb object at 0x7a1a486e26b0>, main=<bound method BuildVerb.main of <colcon_core.verb.build.BuildVerb object at 0x7a1a486e26b0>>, mixin_verb=('build',))
[0.549s] Level 1:colcon.colcon_core.package_discovery:discover_packages(colcon_meta) check parameters
[0.549s] Level 1:colcon.colcon_core.package_discovery:discover_packages(recursive) check parameters
[0.549s] Level 1:colcon.colcon_core.package_discovery:discover_packages(ignore) check parameters
[0.549s] Level 1:colcon.colcon_core.package_discovery:discover_packages(path) check parameters
[0.549s] Level 1:colcon.colcon_core.package_discovery:discover_packages(colcon_meta) discover
[0.549s] Level 1:colcon.colcon_core.package_discovery:discover_packages(recursive) discover
[0.549s] INFO:colcon.colcon_core.package_discovery:Crawling recursively for packages in '/home/ivan/ros2_ws_2501'
[0.549s] Level 1:colcon.colcon_core.package_identification:_identify(.) by extensions ['ignore', 'ignore_ament_install']
[0.549s] Level 1:colcon.colcon_core.package_identification:_identify(.) by extension 'ignore'
[0.549s] Level 1:colcon.colcon_core.package_identification:_identify(.) by extension 'ignore_ament_install'
[0.549s] Level 1:colcon.colcon_core.package_identification:_identify(.) by extensions ['colcon_pkg']
[0.549s] Level 1:colcon.colcon_core.package_identification:_identify(.) by extension 'colcon_pkg'
[0.549s] Level 1:colcon.colcon_core.package_identification:_identify(.) by extensions ['colcon_meta']
[0.549s] Level 1:colcon.colcon_core.package_identification:_identify(.) by extension 'colcon_meta'
[0.549s] Level 1:colcon.colcon_core.package_identification:_identify(.) by extensions ['ros']
[0.549s] Level 1:colcon.colcon_core.package_identification:_identify(.) by extension 'ros'
[0.557s] Level 1:colcon.colcon_core.package_identification:_identify(.) by extensions ['cmake', 'python']
[0.558s] Level 1:colcon.colcon_core.package_identification:_identify(.) by extension 'cmake'
[0.558s] Level 1:colcon.colcon_core.package_identification:_identify(.) by extension 'python'
[0.558s] Level 1:colcon.colcon_core.package_identification:_identify(.) by extensions ['python_setup_py']
[0.558s] Level 1:colcon.colcon_core.package_identification:_identify(.) by extension 'python_setup_py'
[0.558s] Level 1:colcon.colcon_core.package_identification:_identify(build) by extensions ['ignore', 'ignore_ament_install']
[0.558s] Level 1:colcon.colcon_core.package_identification:_identify(build) by extension 'ignore'
[0.558s] Level 1:colcon.colcon_core.package_identification:_identify(build) ignored
[0.558s] Level 1:colcon.colcon_core.package_identification:_identify(install) by extensions ['ignore', 'ignore_ament_install']
[0.558s] Level 1:colcon.colcon_core.package_identification:_identify(install) by extension 'ignore'
[0.558s] Level 1:colcon.colcon_core.package_identification:_identify(install) ignored
[0.558s] Level 1:colcon.colcon_core.package_identification:_identify(log) by extensions ['ignore', 'ignore_ament_install']
[0.558s] Level 1:colcon.colcon_core.package_identification:_identify(log) by extension 'ignore'
[0.558s] Level 1:colcon.colcon_core.package_identification:_identify(log) ignored
[0.559s] Level 1:colcon.colcon_core.package_identification:_identify(src) by extensions ['ignore', 'ignore_ament_install']
[0.559s] Level 1:colcon.colcon_core.package_identification:_identify(src) by extension 'ignore'
[0.559s] Level 1:colcon.colcon_core.package_identification:_identify(src) by extension 'ignore_ament_install'
[0.559s] Level 1:colcon.colcon_core.package_identification:_identify(src) by extensions ['colcon_pkg']
[0.559s] Level 1:colcon.colcon_core.package_identification:_identify(src) by extension 'colcon_pkg'
[0.559s] Level 1:colcon.colcon_core.package_identification:_identify(src) by extensions ['colcon_meta']
[0.559s] Level 1:colcon.colcon_core.package_identification:_identify(src) by extension 'colcon_meta'
[0.559s] Level 1:colcon.colcon_core.package_identification:_identify(src) by extensions ['ros']
[0.559s] Level 1:colcon.colcon_core.package_identification:_identify(src) by extension 'ros'
[0.559s] Level 1:colcon.colcon_core.package_identification:_identify(src) by extensions ['cmake', 'python']
[0.559s] Level 1:colcon.colcon_core.package_identification:_identify(src) by extension 'cmake'
[0.559s] Level 1:colcon.colcon_core.package_identification:_identify(src) by extension 'python'
[0.559s] Level 1:colcon.colcon_core.package_identification:_identify(src) by extensions ['python_setup_py']
[0.559s] Level 1:colcon.colcon_core.package_identification:_identify(src) by extension 'python_setup_py'
[0.559s] Level 1:colcon.colcon_core.package_identification:_identify(src/f112th_sim_2501_alpha) by extensions ['ignore', 'ignore_ament_install']
[0.559s] Level 1:colcon.colcon_core.package_identification:_identify(src/f112th_sim_2501_alpha) by extension 'ignore'
[0.559s] Level 1:colcon.colcon_core.package_identification:_identify(src/f112th_sim_2501_alpha) by extension 'ignore_ament_install'
[0.559s] Level 1:colcon.colcon_core.package_identification:_identify(src/f112th_sim_2501_alpha) by extensions ['colcon_pkg']
[0.559s] Level 1:colcon.colcon_core.package_identification:_identify(src/f112th_sim_2501_alpha) by extension 'colcon_pkg'
[0.559s] Level 1:colcon.colcon_core.package_identification:_identify(src/f112th_sim_2501_alpha) by extensions ['colcon_meta']
[0.560s] Level 1:colcon.colcon_core.package_identification:_identify(src/f112th_sim_2501_alpha) by extension 'colcon_meta'
[0.560s] Level 1:colcon.colcon_core.package_identification:_identify(src/f112th_sim_2501_alpha) by extensions ['ros']
[0.560s] Level 1:colcon.colcon_core.package_identification:_identify(src/f112th_sim_2501_alpha) by extension 'ros'
[0.562s] DEBUG:colcon.colcon_core.package_identification:Package 'src/f112th_sim_2501_alpha' with type 'ros.ament_cmake' and name 'f112th_sim_2501_alpha'
[0.562s] Level 1:colcon.colcon_core.package_identification:_identify(src/joy_tester) by extensions ['ignore', 'ignore_ament_install']
[0.563s] Level 1:colcon.colcon_core.package_identification:_identify(src/joy_tester) by extension 'ignore'
[0.563s] Level 1:colcon.colcon_core.package_identification:_identify(src/joy_tester) by extension 'ignore_ament_install'
[0.563s] Level 1:colcon.colcon_core.package_identification:_identify(src/joy_tester) by extensions ['colcon_pkg']
[0.563s] Level 1:colcon.colcon_core.package_identification:_identify(src/joy_tester) by extension 'colcon_pkg'
[0.563s] Level 1:colcon.colcon_core.package_identification:_identify(src/joy_tester) by extensions ['colcon_meta']
[0.563s] Level 1:colcon.colcon_core.package_identification:_identify(src/joy_tester) by extension 'colcon_meta'
[0.563s] Level 1:colcon.colcon_core.package_identification:_identify(src/joy_tester) by extensions ['ros']
[0.563s] Level 1:colcon.colcon_core.package_identification:_identify(src/joy_tester) by extension 'ros'
[0.564s] DEBUG:colcon.colcon_core.package_identification:Package 'src/joy_tester' with type 'ros.ament_python' and name 'joy_tester'
[0.564s] Level 1:colcon.colcon_core.package_identification:_identify(src/wall_following_alpha) by extensions ['ignore', 'ignore_ament_install']
[0.564s] Level 1:colcon.colcon_core.package_identification:_identify(src/wall_following_alpha) by extension 'ignore'
[0.564s] Level 1:colcon.colcon_core.package_identification:_identify(src/wall_following_alpha) by extension 'ignore_ament_install'
[0.564s] Level 1:colcon.colcon_core.package_identification:_identify(src/wall_following_alpha) by extensions ['colcon_pkg']
[0.564s] Level 1:colcon.colcon_core.package_identification:_identify(src/wall_following_alpha) by extension 'colcon_pkg'
[0.564s] Level 1:colcon.colcon_core.package_identification:_identify(src/wall_following_alpha) by extensions ['colcon_meta']
[0.564s] Level 1:colcon.colcon_core.package_identification:_identify(src/wall_following_alpha) by extension 'colcon_meta'
[0.564s] Level 1:colcon.colcon_core.package_identification:_identify(src/wall_following_alpha) by extensions ['ros']
[0.564s] Level 1:colcon.colcon_core.package_identification:_identify(src/wall_following_alpha) by extension 'ros'
[0.565s] DEBUG:colcon.colcon_core.package_identification:Package 'src/wall_following_alpha' with type 'ros.ament_cmake' and name 'wall_following_alpha'
[0.565s] Level 1:colcon.colcon_core.package_discovery:discover_packages(recursive) using defaults
[0.565s] Level 1:colcon.colcon_core.package_discovery:discover_packages(ignore) discover
[0.565s] Level 1:colcon.colcon_core.package_discovery:discover_packages(ignore) using defaults
[0.565s] Level 1:colcon.colcon_core.package_discovery:discover_packages(path) discover
[0.565s] Level 1:colcon.colcon_core.package_discovery:discover_packages(path) using defaults
[0.607s] Level 1:colcon.colcon_core.package_discovery:discover_packages(prefix_path) check parameters
[0.607s] Level 1:colcon.colcon_core.package_discovery:discover_packages(prefix_path) discover
[0.613s] DEBUG:colcon.colcon_installed_package_information.package_discovery:Found 3 installed packages in /home/ivan/ros2_ws_2501/install
[0.614s] DEBUG:colcon.colcon_installed_package_information.package_discovery:Found 395 installed packages in /opt/ros/humble
[0.616s] Level 1:colcon.colcon_core.package_discovery:discover_packages(prefix_path) using defaults
[0.654s] Level 5:colcon.colcon_core.verb:set package 'f112th_sim_2501_alpha' build argument 'cmake_args' from command line to 'None'
[0.654s] Level 5:colcon.colcon_core.verb:set package 'f112th_sim_2501_alpha' build argument 'cmake_target' from command line to 'None'
[0.654s] Level 5:colcon.colcon_core.verb:set package 'f112th_sim_2501_alpha' build argument 'cmake_target_skip_unavailable' from command line to 'False'
[0.654s] Level 5:colcon.colcon_core.verb:set package 'f112th_sim_2501_alpha' build argument 'cmake_clean_cache' from command line to 'False'
[0.654s] Level 5:colcon.colcon_core.verb:set package 'f112th_sim_2501_alpha' build argument 'cmake_clean_first' from command line to 'False'
[0.654s] Level 5:colcon.colcon_core.verb:set package 'f112th_sim_2501_alpha' build argument 'cmake_force_configure' from command line to 'False'
[0.654s] Level 5:colcon.colcon_core.verb:set package 'f112th_sim_2501_alpha' build argument 'ament_cmake_args' from command line to 'None'
[0.654s] Level 5:colcon.colcon_core.verb:set package 'f112th_sim_2501_alpha' build argument 'catkin_cmake_args' from command line to 'None'
[0.654s] Level 5:colcon.colcon_core.verb:set package 'f112th_sim_2501_alpha' build argument 'catkin_skip_building_tests' from command line to 'False'
[0.654s] DEBUG:colcon.colcon_core.verb:Building package 'f112th_sim_2501_alpha' with the following arguments: {'ament_cmake_args': None, 'build_base': '/home/ivan/ros2_ws_2501/build/f112th_sim_2501_alpha', 'catkin_cmake_args': None, 'catkin_skip_building_tests': False, 'cmake_args': None, 'cmake_clean_cache': False, 'cmake_clean_first': False, 'cmake_force_configure': False, 'cmake_target': None, 'cmake_target_skip_unavailable': False, 'install_base': '/home/ivan/ros2_ws_2501/install/f112th_sim_2501_alpha', 'merge_install': False, 'path': '/home/ivan/ros2_ws_2501/src/f112th_sim_2501_alpha', 'symlink_install': True, 'test_result_base': None}
[0.654s] Level 5:colcon.colcon_core.verb:set package 'joy_tester' build argument 'cmake_args' from command line to 'None'
[0.654s] Level 5:colcon.colcon_core.verb:set package 'joy_tester' build argument 'cmake_target' from command line to 'None'
[0.654s] Level 5:colcon.colcon_core.verb:set package 'joy_tester' build argument 'cmake_target_skip_unavailable' from command line to 'False'
[0.654s] Level 5:colcon.colcon_core.verb:set package 'joy_tester' build argument 'cmake_clean_cache' from command line to 'False'
[0.654s] Level 5:colcon.colcon_core.verb:set package 'joy_tester' build argument 'cmake_clean_first' from command line to 'False'
[0.654s] Level 5:colcon.colcon_core.verb:set package 'joy_tester' build argument 'cmake_force_configure' from command line to 'False'
[0.654s] Level 5:colcon.colcon_core.verb:set package 'joy_tester' build argument 'ament_cmake_args' from command line to 'None'
[0.655s] Level 5:colcon.colcon_core.verb:set package 'joy_tester' build argument 'catkin_cmake_args' from command line to 'None'
[0.655s] Level 5:colcon.colcon_core.verb:set package 'joy_tester' build argument 'catkin_skip_building_tests' from command line to 'False'
[0.655s] DEBUG:colcon.colcon_core.verb:Building package 'joy_tester' with the following arguments: {'ament_cmake_args': None, 'build_base': '/home/ivan/ros2_ws_2501/build/joy_tester', 'catkin_cmake_args': None, 'catkin_skip_building_tests': False, 'cmake_args': None, 'cmake_clean_cache': False, 'cmake_clean_first': False, 'cmake_force_configure': False, 'cmake_target': None, 'cmake_target_skip_unavailable': False, 'install_base': '/home/ivan/ros2_ws_2501/install/joy_tester', 'merge_install': False, 'path': '/home/ivan/ros2_ws_2501/src/joy_tester', 'symlink_install': True, 'test_result_base': None}
[0.655s] Level 5:colcon.colcon_core.verb:set package 'wall_following_alpha' build argument 'cmake_args' from command line to 'None'
[0.655s] Level 5:colcon.colcon_core.verb:set package 'wall_following_alpha' build argument 'cmake_target' from command line to 'None'
[0.655s] Level 5:colcon.colcon_core.verb:set package 'wall_following_alpha' build argument 'cmake_target_skip_unavailable' from command line to 'False'
[0.655s] Level 5:colcon.colcon_core.verb:set package 'wall_following_alpha' build argument 'cmake_clean_cache' from command line to 'False'
[0.655s] Level 5:colcon.colcon_core.verb:set package 'wall_following_alpha' build argument 'cmake_clean_first' from command line to 'False'
[0.655s] Level 5:colcon.colcon_core.verb:set package 'wall_following_alpha' build argument 'cmake_force_configure' from command line to 'False'
[0.655s] Level 5:colcon.colcon_core.verb:set package 'wall_following_alpha' build argument 'ament_cmake_args' from command line to 'None'
[0.655s] Level 5:colcon.colcon_core.verb:set package 'wall_following_alpha' build argument 'catkin_cmake_args' from command line to 'None'
[0.655s] Level 5:colcon.colcon_core.verb:set package 'wall_following_alpha' build argument 'catkin_skip_building_tests' from command line to 'False'
[0.655s] DEBUG:colcon.colcon_core.verb:Building package 'wall_following_alpha' with the following arguments: {'ament_cmake_args': None, 'build_base': '/home/ivan/ros2_ws_2501/build/wall_following_alpha', 'catkin_cmake_args': None, 'catkin_skip_building_tests': False, 'cmake_args': None, 'cmake_clean_cache': False, 'cmake_clean_first': False, 'cmake_force_configure': False, 'cmake_target': None, 'cmake_target_skip_unavailable': False, 'install_base': '/home/ivan/ros2_ws_2501/install/wall_following_alpha', 'merge_install': False, 'path': '/home/ivan/ros2_ws_2501/src/wall_following_alpha', 'symlink_install': True, 'test_result_base': None}
[0.655s] INFO:colcon.colcon_core.executor:Executing jobs using 'parallel' executor
[0.656s] DEBUG:colcon.colcon_parallel_executor.executor.parallel:run_until_complete
[0.656s] INFO:colcon.colcon_ros.task.ament_cmake.build:Building ROS package in '/home/ivan/ros2_ws_2501/src/f112th_sim_2501_alpha' with build type 'ament_cmake'
[0.656s] INFO:colcon.colcon_cmake.task.cmake.build:Building CMake package in '/home/ivan/ros2_ws_2501/src/f112th_sim_2501_alpha'
[0.660s] INFO:colcon.colcon_core.plugin_system:Skipping extension 'colcon_core.shell.bat': Not used on non-Windows systems
[0.661s] INFO:colcon.colcon_core.shell:Skip shell extension 'powershell' for command environment: Not usable outside of PowerShell
[0.661s] DEBUG:colcon.colcon_core.shell:Skip shell extension 'dsv' for command environment
[0.663s] INFO:colcon.colcon_ros.task.ament_python.build:Building ROS package in '/home/ivan/ros2_ws_2501/src/joy_tester' with build type 'ament_python'
[0.663s] Level 1:colcon.colcon_core.shell:create_environment_hook('joy_tester', 'ament_prefix_path')
[0.663s] INFO:colcon.colcon_core.shell:Creating environment hook '/home/ivan/ros2_ws_2501/install/joy_tester/share/joy_tester/hook/ament_prefix_path.ps1'
[0.664s] INFO:colcon.colcon_core.shell:Creating environment descriptor '/home/ivan/ros2_ws_2501/install/joy_tester/share/joy_tester/hook/ament_prefix_path.dsv'
[0.665s] INFO:colcon.colcon_core.shell:Creating environment hook '/home/ivan/ros2_ws_2501/install/joy_tester/share/joy_tester/hook/ament_prefix_path.sh'
[0.665s] INFO:colcon.colcon_core.shell:Skip shell extension 'powershell' for command environment: Not usable outside of PowerShell
[0.665s] DEBUG:colcon.colcon_core.shell:Skip shell extension 'dsv' for command environment
[0.668s] INFO:colcon.colcon_ros.task.ament_cmake.build:Building ROS package in '/home/ivan/ros2_ws_2501/src/wall_following_alpha' with build type 'ament_cmake'
[0.668s] INFO:colcon.colcon_cmake.task.cmake.build:Building CMake package in '/home/ivan/ros2_ws_2501/src/wall_following_alpha'
[0.668s] INFO:colcon.colcon_core.shell:Skip shell extension 'powershell' for command environment: Not usable outside of PowerShell
[0.668s] DEBUG:colcon.colcon_core.shell:Skip shell extension 'dsv' for command environment
[0.676s] DEBUG:colcon.colcon_core.event_handler.log_command:Invoking command in '/home/ivan/ros2_ws_2501/build/f112th_sim_2501_alpha': CMAKE_PREFIX_PATH=${CMAKE_PREFIX_PATH}:/home/ivan/ros2_ws_2501/install/joy_tester:/opt/ros/humble /usr/bin/cmake --build /home/ivan/ros2_ws_2501/build/f112th_sim_2501_alpha -- -j12 -l12
[0.876s] INFO:colcon.colcon_core.task.python.build:Building Python package in '/home/ivan/ros2_ws_2501/src/joy_tester'
[0.876s] INFO:colcon.colcon_core.shell:Skip shell extension 'powershell' for command environment: Not usable outside of PowerShell
[0.876s] DEBUG:colcon.colcon_core.shell:Skip shell extension 'dsv' for command environment
[0.883s] DEBUG:colcon.colcon_core.event_handler.log_command:Invoking command in '/home/ivan/ros2_ws_2501/build/wall_following_alpha': CMAKE_PREFIX_PATH=${CMAKE_PREFIX_PATH}:/home/ivan/ros2_ws_2501/install/joy_tester:/opt/ros/humble /usr/bin/cmake --build /home/ivan/ros2_ws_2501/build/wall_following_alpha -- -j12 -l12
[0.885s] DEBUG:colcon.colcon_core.event_handler.log_command:Invoked command in '/home/ivan/ros2_ws_2501/build/f112th_sim_2501_alpha' returned '0': CMAKE_PREFIX_PATH=${CMAKE_PREFIX_PATH}:/home/ivan/ros2_ws_2501/install/joy_tester:/opt/ros/humble /usr/bin/cmake --build /home/ivan/ros2_ws_2501/build/f112th_sim_2501_alpha -- -j12 -l12
[0.892s] DEBUG:colcon.colcon_core.event_handler.log_command:Invoking command in '/home/ivan/ros2_ws_2501/build/f112th_sim_2501_alpha': CMAKE_PREFIX_PATH=${CMAKE_PREFIX_PATH}:/home/ivan/ros2_ws_2501/install/joy_tester:/opt/ros/humble /usr/bin/cmake --install /home/ivan/ros2_ws_2501/build/f112th_sim_2501_alpha
[0.912s] DEBUG:colcon.colcon_core.event_handler.log_command:Invoked command in '/home/ivan/ros2_ws_2501/build/wall_following_alpha' returned '0': CMAKE_PREFIX_PATH=${CMAKE_PREFIX_PATH}:/home/ivan/ros2_ws_2501/install/joy_tester:/opt/ros/humble /usr/bin/cmake --build /home/ivan/ros2_ws_2501/build/wall_following_alpha -- -j12 -l12
[0.914s] DEBUG:colcon.colcon_core.event_handler.log_command:Invoking command in '/home/ivan/ros2_ws_2501/build/wall_following_alpha': CMAKE_PREFIX_PATH=${CMAKE_PREFIX_PATH}:/home/ivan/ros2_ws_2501/install/joy_tester:/opt/ros/humble /usr/bin/cmake --install /home/ivan/ros2_ws_2501/build/wall_following_alpha
[0.930s] Level 1:colcon.colcon_core.environment:create_environment_scripts_only(f112th_sim_2501_alpha)
[0.931s] DEBUG:colcon.colcon_core.event_handler.log_command:Invoked command in '/home/ivan/ros2_ws_2501/build/f112th_sim_2501_alpha' returned '0': CMAKE_PREFIX_PATH=${CMAKE_PREFIX_PATH}:/home/ivan/ros2_ws_2501/install/joy_tester:/opt/ros/humble /usr/bin/cmake --install /home/ivan/ros2_ws_2501/build/f112th_sim_2501_alpha
[0.936s] Level 1:colcon.colcon_core.environment:checking '/home/ivan/ros2_ws_2501/install/f112th_sim_2501_alpha' for CMake module files
[0.936s] Level 1:colcon.colcon_core.environment:checking '/home/ivan/ros2_ws_2501/install/f112th_sim_2501_alpha' for CMake config files
[0.936s] Level 1:colcon.colcon_core.shell:create_environment_hook('f112th_sim_2501_alpha', 'cmake_prefix_path')
[0.937s] INFO:colcon.colcon_core.shell:Creating environment hook '/home/ivan/ros2_ws_2501/install/f112th_sim_2501_alpha/share/f112th_sim_2501_alpha/hook/cmake_prefix_path.ps1'
[0.937s] INFO:colcon.colcon_core.shell:Creating environment descriptor '/home/ivan/ros2_ws_2501/install/f112th_sim_2501_alpha/share/f112th_sim_2501_alpha/hook/cmake_prefix_path.dsv'
[0.937s] INFO:colcon.colcon_core.shell:Creating environment hook '/home/ivan/ros2_ws_2501/install/f112th_sim_2501_alpha/share/f112th_sim_2501_alpha/hook/cmake_prefix_path.sh'
[0.938s] Level 1:colcon.colcon_core.environment:checking '/home/ivan/ros2_ws_2501/install/f112th_sim_2501_alpha/lib'
[0.938s] Level 1:colcon.colcon_core.environment:checking '/home/ivan/ros2_ws_2501/install/f112th_sim_2501_alpha/bin'
[0.938s] Level 1:colcon.colcon_core.environment:checking '/home/ivan/ros2_ws_2501/install/f112th_sim_2501_alpha/lib/pkgconfig/f112th_sim_2501_alpha.pc'
[0.938s] Level 1:colcon.colcon_core.environment:checking '/home/ivan/ros2_ws_2501/install/f112th_sim_2501_alpha/lib/python3.10/site-packages'
[0.938s] Level 1:colcon.colcon_core.environment:checking '/home/ivan/ros2_ws_2501/install/f112th_sim_2501_alpha/bin'
[0.939s] INFO:colcon.colcon_core.shell:Creating package script '/home/ivan/ros2_ws_2501/install/f112th_sim_2501_alpha/share/f112th_sim_2501_alpha/package.ps1'
[0.939s] INFO:colcon.colcon_core.shell:Creating package descriptor '/home/ivan/ros2_ws_2501/install/f112th_sim_2501_alpha/share/f112th_sim_2501_alpha/package.dsv'
[0.940s] INFO:colcon.colcon_core.shell:Creating package script '/home/ivan/ros2_ws_2501/install/f112th_sim_2501_alpha/share/f112th_sim_2501_alpha/package.sh'
[0.940s] INFO:colcon.colcon_core.shell:Creating package script '/home/ivan/ros2_ws_2501/install/f112th_sim_2501_alpha/share/f112th_sim_2501_alpha/package.bash'
[0.941s] INFO:colcon.colcon_core.shell:Creating package script '/home/ivan/ros2_ws_2501/install/f112th_sim_2501_alpha/share/f112th_sim_2501_alpha/package.zsh'
[0.942s] Level 1:colcon.colcon_core.environment:create_file_with_runtime_dependencies(/home/ivan/ros2_ws_2501/install/f112th_sim_2501_alpha/share/colcon-core/packages/f112th_sim_2501_alpha)
[0.943s] Level 1:colcon.colcon_core.environment:create_environment_scripts_only(f112th_sim_2501_alpha)
[0.943s] Level 1:colcon.colcon_core.environment:checking '/home/ivan/ros2_ws_2501/install/f112th_sim_2501_alpha' for CMake module files
[0.943s] Level 1:colcon.colcon_core.environment:checking '/home/ivan/ros2_ws_2501/install/f112th_sim_2501_alpha' for CMake config files
[0.943s] Level 1:colcon.colcon_core.shell:create_environment_hook('f112th_sim_2501_alpha', 'cmake_prefix_path')
[0.943s] INFO:colcon.colcon_core.shell:Creating environment hook '/home/ivan/ros2_ws_2501/install/f112th_sim_2501_alpha/share/f112th_sim_2501_alpha/hook/cmake_prefix_path.ps1'
[0.944s] INFO:colcon.colcon_core.shell:Creating environment descriptor '/home/ivan/ros2_ws_2501/install/f112th_sim_2501_alpha/share/f112th_sim_2501_alpha/hook/cmake_prefix_path.dsv'
[0.944s] INFO:colcon.colcon_core.shell:Creating environment hook '/home/ivan/ros2_ws_2501/install/f112th_sim_2501_alpha/share/f112th_sim_2501_alpha/hook/cmake_prefix_path.sh'
[0.944s] Level 1:colcon.colcon_core.environment:checking '/home/ivan/ros2_ws_2501/install/f112th_sim_2501_alpha/lib'
[0.944s] Level 1:colcon.colcon_core.environment:checking '/home/ivan/ros2_ws_2501/install/f112th_sim_2501_alpha/bin'
[0.945s] Level 1:colcon.colcon_core.environment:checking '/home/ivan/ros2_ws_2501/install/f112th_sim_2501_alpha/lib/pkgconfig/f112th_sim_2501_alpha.pc'
[0.945s] Level 1:colcon.colcon_core.environment:checking '/home/ivan/ros2_ws_2501/install/f112th_sim_2501_alpha/lib/python3.10/site-packages'
[0.945s] Level 1:colcon.colcon_core.environment:checking '/home/ivan/ros2_ws_2501/install/f112th_sim_2501_alpha/bin'
[0.945s] INFO:colcon.colcon_core.shell:Creating package script '/home/ivan/ros2_ws_2501/install/f112th_sim_2501_alpha/share/f112th_sim_2501_alpha/package.ps1'
[0.945s] INFO:colcon.colcon_core.shell:Creating package descriptor '/home/ivan/ros2_ws_2501/install/f112th_sim_2501_alpha/share/f112th_sim_2501_alpha/package.dsv'
[0.946s] INFO:colcon.colcon_core.shell:Creating package script '/home/ivan/ros2_ws_2501/install/f112th_sim_2501_alpha/share/f112th_sim_2501_alpha/package.sh'
[0.946s] INFO:colcon.colcon_core.shell:Creating package script '/home/ivan/ros2_ws_2501/install/f112th_sim_2501_alpha/share/f112th_sim_2501_alpha/package.bash'
[0.946s] INFO:colcon.colcon_core.shell:Creating package script '/home/ivan/ros2_ws_2501/install/f112th_sim_2501_alpha/share/f112th_sim_2501_alpha/package.zsh'
[0.947s] Level 1:colcon.colcon_core.environment:create_file_with_runtime_dependencies(/home/ivan/ros2_ws_2501/install/f112th_sim_2501_alpha/share/colcon-core/packages/f112th_sim_2501_alpha)
[0.948s] Level 1:colcon.colcon_core.environment:create_environment_scripts_only(wall_following_alpha)
[0.948s] Level 1:colcon.colcon_core.environment:checking '/home/ivan/ros2_ws_2501/install/wall_following_alpha' for CMake module files
[0.948s] DEBUG:colcon.colcon_core.event_handler.log_command:Invoked command in '/home/ivan/ros2_ws_2501/build/wall_following_alpha' returned '0': CMAKE_PREFIX_PATH=${CMAKE_PREFIX_PATH}:/home/ivan/ros2_ws_2501/install/joy_tester:/opt/ros/humble /usr/bin/cmake --install /home/ivan/ros2_ws_2501/build/wall_following_alpha
[0.949s] Level 1:colcon.colcon_core.environment:checking '/home/ivan/ros2_ws_2501/install/wall_following_alpha' for CMake config files
[0.949s] Level 1:colcon.colcon_core.shell:create_environment_hook('wall_following_alpha', 'cmake_prefix_path')
[0.949s] INFO:colcon.colcon_core.shell:Creating environment hook '/home/ivan/ros2_ws_2501/install/wall_following_alpha/share/wall_following_alpha/hook/cmake_prefix_path.ps1'
[0.949s] INFO:colcon.colcon_core.shell:Creating environment descriptor '/home/ivan/ros2_ws_2501/install/wall_following_alpha/share/wall_following_alpha/hook/cmake_prefix_path.dsv'
[0.949s] INFO:colcon.colcon_core.shell:Creating environment hook '/home/ivan/ros2_ws_2501/install/wall_following_alpha/share/wall_following_alpha/hook/cmake_prefix_path.sh'
[0.950s] Level 1:colcon.colcon_core.environment:checking '/home/ivan/ros2_ws_2501/install/wall_following_alpha/lib'
[0.950s] Level 1:colcon.colcon_core.environment:checking '/home/ivan/ros2_ws_2501/install/wall_following_alpha/bin'
[0.950s] Level 1:colcon.colcon_core.environment:checking '/home/ivan/ros2_ws_2501/install/wall_following_alpha/lib/pkgconfig/wall_following_alpha.pc'
[0.950s] Level 1:colcon.colcon_core.environment:checking '/home/ivan/ros2_ws_2501/install/wall_following_alpha/lib/python3.10/site-packages'
[0.950s] Level 1:colcon.colcon_core.environment:checking '/home/ivan/ros2_ws_2501/install/wall_following_alpha/bin'
[0.950s] INFO:colcon.colcon_core.shell:Creating package script '/home/ivan/ros2_ws_2501/install/wall_following_alpha/share/wall_following_alpha/package.ps1'
[0.951s] INFO:colcon.colcon_core.shell:Creating package descriptor '/home/ivan/ros2_ws_2501/install/wall_following_alpha/share/wall_following_alpha/package.dsv'
[0.951s] INFO:colcon.colcon_core.shell:Creating package script '/home/ivan/ros2_ws_2501/install/wall_following_alpha/share/wall_following_alpha/package.sh'
[0.951s] INFO:colcon.colcon_core.shell:Creating package script '/home/ivan/ros2_ws_2501/install/wall_following_alpha/share/wall_following_alpha/package.bash'
[0.952s] INFO:colcon.colcon_core.shell:Creating package script '/home/ivan/ros2_ws_2501/install/wall_following_alpha/share/wall_following_alpha/package.zsh'
[0.952s] Level 1:colcon.colcon_core.environment:create_file_with_runtime_dependencies(/home/ivan/ros2_ws_2501/install/wall_following_alpha/share/colcon-core/packages/wall_following_alpha)
[0.952s] Level 1:colcon.colcon_core.environment:create_environment_scripts_only(wall_following_alpha)
[0.953s] Level 1:colcon.colcon_core.environment:checking '/home/ivan/ros2_ws_2501/install/wall_following_alpha' for CMake module files
[0.953s] Level 1:colcon.colcon_core.environment:checking '/home/ivan/ros2_ws_2501/install/wall_following_alpha' for CMake config files
[0.953s] Level 1:colcon.colcon_core.shell:create_environment_hook('wall_following_alpha', 'cmake_prefix_path')
[0.953s] INFO:colcon.colcon_core.shell:Creating environment hook '/home/ivan/ros2_ws_2501/install/wall_following_alpha/share/wall_following_alpha/hook/cmake_prefix_path.ps1'
[0.953s] INFO:colcon.colcon_core.shell:Creating environment descriptor '/home/ivan/ros2_ws_2501/install/wall_following_alpha/share/wall_following_alpha/hook/cmake_prefix_path.dsv'
[0.954s] INFO:colcon.colcon_core.shell:Creating environment hook '/home/ivan/ros2_ws_2501/install/wall_following_alpha/share/wall_following_alpha/hook/cmake_prefix_path.sh'
[0.954s] Level 1:colcon.colcon_core.environment:checking '/home/ivan/ros2_ws_2501/install/wall_following_alpha/lib'
[0.954s] Level 1:colcon.colcon_core.environment:checking '/home/ivan/ros2_ws_2501/install/wall_following_alpha/bin'
[0.954s] Level 1:colcon.colcon_core.environment:checking '/home/ivan/ros2_ws_2501/install/wall_following_alpha/lib/pkgconfig/wall_following_alpha.pc'
[0.954s] Level 1:colcon.colcon_core.environment:checking '/home/ivan/ros2_ws_2501/install/wall_following_alpha/lib/python3.10/site-packages'
[0.954s] Level 1:colcon.colcon_core.environment:checking '/home/ivan/ros2_ws_2501/install/wall_following_alpha/bin'
[0.955s] INFO:colcon.colcon_core.shell:Creating package script '/home/ivan/ros2_ws_2501/install/wall_following_alpha/share/wall_following_alpha/package.ps1'
[0.955s] INFO:colcon.colcon_core.shell:Creating package descriptor '/home/ivan/ros2_ws_2501/install/wall_following_alpha/share/wall_following_alpha/package.dsv'
[0.955s] INFO:colcon.colcon_core.shell:Creating package script '/home/ivan/ros2_ws_2501/install/wall_following_alpha/share/wall_following_alpha/package.sh'
[0.956s] INFO:colcon.colcon_core.shell:Creating package script '/home/ivan/ros2_ws_2501/install/wall_following_alpha/share/wall_following_alpha/package.bash'
[0.956s] INFO:colcon.colcon_core.shell:Creating package script '/home/ivan/ros2_ws_2501/install/wall_following_alpha/share/wall_following_alpha/package.zsh'
[0.956s] Level 1:colcon.colcon_core.environment:create_file_with_runtime_dependencies(/home/ivan/ros2_ws_2501/install/wall_following_alpha/share/colcon-core/packages/wall_following_alpha)
[1.259s] DEBUG:colcon.colcon_core.event_handler.log_command:Invoking command in '/home/ivan/ros2_ws_2501/build/joy_tester': PYTHONPATH=/home/ivan/ros2_ws_2501/build/joy_tester/prefix_override:/usr/lib/python3/dist-packages/colcon_core/task/python/colcon_distutils_commands:/home/ivan/ros2_ws_2501/install/joy_tester/lib/python3.10/site-packages:${PYTHONPATH} /usr/bin/python3 -W ignore:setup.py install is deprecated -W ignore:easy_install command is deprecated setup.py develop --editable --build-directory /home/ivan/ros2_ws_2501/build/joy_tester/build --no-deps symlink_data
[1.643s] Level 1:colcon.colcon_core.shell:create_environment_hook('joy_tester', 'pythonpath_develop')
[1.644s] DEBUG:colcon.colcon_core.event_handler.log_command:Invoked command in '/home/ivan/ros2_ws_2501/build/joy_tester' returned '0': PYTHONPATH=/home/ivan/ros2_ws_2501/build/joy_tester/prefix_override:/usr/lib/python3/dist-packages/colcon_core/task/python/colcon_distutils_commands:/home/ivan/ros2_ws_2501/install/joy_tester/lib/python3.10/site-packages:${PYTHONPATH} /usr/bin/python3 -W ignore:setup.py install is deprecated -W ignore:easy_install command is deprecated setup.py develop --editable --build-directory /home/ivan/ros2_ws_2501/build/joy_tester/build --no-deps symlink_data
[1.644s] INFO:colcon.colcon_core.shell:Creating environment hook '/home/ivan/ros2_ws_2501/build/joy_tester/share/joy_tester/hook/pythonpath_develop.ps1'
[1.645s] INFO:colcon.colcon_core.shell:Creating environment descriptor '/home/ivan/ros2_ws_2501/build/joy_tester/share/joy_tester/hook/pythonpath_develop.dsv'
[1.645s] INFO:colcon.colcon_core.shell:Creating environment hook '/home/ivan/ros2_ws_2501/build/joy_tester/share/joy_tester/hook/pythonpath_develop.sh'
[1.645s] Level 1:colcon.colcon_core.environment:checking '/home/ivan/ros2_ws_2501/install/joy_tester' for CMake module files
[1.646s] Level 1:colcon.colcon_core.environment:checking '/home/ivan/ros2_ws_2501/install/joy_tester' for CMake config files
[1.646s] Level 1:colcon.colcon_core.environment:checking '/home/ivan/ros2_ws_2501/install/joy_tester/lib'
[1.646s] Level 1:colcon.colcon_core.environment:checking '/home/ivan/ros2_ws_2501/install/joy_tester/bin'
[1.646s] Level 1:colcon.colcon_core.environment:checking '/home/ivan/ros2_ws_2501/install/joy_tester/lib/pkgconfig/joy_tester.pc'
[1.646s] Level 1:colcon.colcon_core.environment:checking '/home/ivan/ros2_ws_2501/install/joy_tester/lib/python3.10/site-packages'
[1.646s] Level 1:colcon.colcon_core.shell:create_environment_hook('joy_tester', 'pythonpath')
[1.646s] INFO:colcon.colcon_core.shell:Creating environment hook '/home/ivan/ros2_ws_2501/install/joy_tester/share/joy_tester/hook/pythonpath.ps1'
[1.647s] INFO:colcon.colcon_core.shell:Creating environment descriptor '/home/ivan/ros2_ws_2501/install/joy_tester/share/joy_tester/hook/pythonpath.dsv'
[1.647s] INFO:colcon.colcon_core.shell:Creating environment hook '/home/ivan/ros2_ws_2501/install/joy_tester/share/joy_tester/hook/pythonpath.sh'
[1.647s] Level 1:colcon.colcon_core.environment:checking '/home/ivan/ros2_ws_2501/install/joy_tester/bin'
[1.647s] Level 1:colcon.colcon_core.environment:create_environment_scripts_only(joy_tester)
[1.648s] INFO:colcon.colcon_core.shell:Creating package script '/home/ivan/ros2_ws_2501/install/joy_tester/share/joy_tester/package.ps1'
[1.648s] INFO:colcon.colcon_core.shell:Creating package descriptor '/home/ivan/ros2_ws_2501/install/joy_tester/share/joy_tester/package.dsv'
[1.648s] INFO:colcon.colcon_core.shell:Creating package script '/home/ivan/ros2_ws_2501/install/joy_tester/share/joy_tester/package.sh'
[1.649s] INFO:colcon.colcon_core.shell:Creating package script '/home/ivan/ros2_ws_2501/install/joy_tester/share/joy_tester/package.bash'
[1.649s] INFO:colcon.colcon_core.shell:Creating package script '/home/ivan/ros2_ws_2501/install/joy_tester/share/joy_tester/package.zsh'
[1.649s] Level 1:colcon.colcon_core.environment:create_file_with_runtime_dependencies(/home/ivan/ros2_ws_2501/install/joy_tester/share/colcon-core/packages/joy_tester)
[1.649s] DEBUG:colcon.colcon_parallel_executor.executor.parallel:closing loop
[1.650s] DEBUG:colcon.colcon_parallel_executor.executor.parallel:loop closed
[1.650s] DEBUG:colcon.colcon_parallel_executor.executor.parallel:run_until_complete finished with '0'
[1.650s] DEBUG:colcon.colcon_core.event_reactor:joining thread
[1.654s] INFO:colcon.colcon_core.plugin_system:Skipping extension 'colcon_notification.desktop_notification.terminal_notifier': Not used on non-Darwin systems
[1.654s] INFO:colcon.colcon_core.plugin_system:Skipping extension 'colcon_notification.desktop_notification.win32': Not used on non-Windows systems
[1.654s] INFO:colcon.colcon_notification.desktop_notification:Sending desktop notification using 'notify2'
[1.671s] DEBUG:colcon.colcon_core.event_reactor:joined thread
[1.672s] INFO:colcon.colcon_core.shell:Creating prefix script '/home/ivan/ros2_ws_2501/install/local_setup.ps1'
[1.673s] INFO:colcon.colcon_core.shell:Creating prefix util module '/home/ivan/ros2_ws_2501/install/_local_setup_util_ps1.py'
[1.674s] INFO:colcon.colcon_core.shell:Creating prefix chain script '/home/ivan/ros2_ws_2501/install/setup.ps1'
[1.676s] INFO:colcon.colcon_core.shell:Creating prefix script '/home/ivan/ros2_ws_2501/install/local_setup.sh'
[1.677s] INFO:colcon.colcon_core.shell:Creating prefix util module '/home/ivan/ros2_ws_2501/install/_local_setup_util_sh.py'
[1.677s] INFO:colcon.colcon_core.shell:Creating prefix chain script '/home/ivan/ros2_ws_2501/install/setup.sh'
[1.678s] INFO:colcon.colcon_core.shell:Creating prefix script '/home/ivan/ros2_ws_2501/install/local_setup.bash'
[1.679s] INFO:colcon.colcon_core.shell:Creating prefix chain script '/home/ivan/ros2_ws_2501/install/setup.bash'
[1.680s] INFO:colcon.colcon_core.shell:Creating prefix script '/home/ivan/ros2_ws_2501/install/local_setup.zsh'
[1.681s] INFO:colcon.colcon_core.shell:Creating prefix chain script '/home/ivan/ros2_ws_2501/install/setup.zsh'
