[0.235s] Invoking command in '/home/ivan/ros2_ws_2501/build/wall_following_alpha': CMAKE_PREFIX_PATH=${CMAKE_PREFIX_PATH}:/home/ivan/ros2_ws_2501/install/joy_tester:/opt/ros/humble /usr/bin/cmake --build /home/ivan/ros2_ws_2501/build/wall_following_alpha -- -j12 -l12
[0.251s] -- Found ament_cmake: 1.3.11 (/opt/ros/humble/share/ament_cmake/cmake)
[0.349s] -- Override CMake install command with custom implementation using symlinks instead of copying resources
[0.355s] -- Found rclcpp: 16.0.11 (/opt/ros/humble/share/rclcpp/cmake)
[0.380s] -- Found rosidl_generator_c: 3.1.6 (/opt/ros/humble/share/rosidl_generator_c/cmake)
[0.382s] -- Found rosidl_adapter: 3.1.6 (/opt/ros/humble/share/rosidl_adapter/cmake)
[0.387s] -- Found rosidl_generator_cpp: 3.1.6 (/opt/ros/humble/share/rosidl_generator_cpp/cmake)
[0.396s] -- Using all available rosidl_typesupport_c: rosidl_typesupport_fastrtps_c;rosidl_typesupport_introspection_c
[0.408s] -- Using all available rosidl_typesupport_cpp: rosidl_typesupport_fastrtps_cpp;rosidl_typesupport_introspection_cpp
[0.438s] -- Found rmw_implementation_cmake: 6.1.2 (/opt/ros/humble/share/rmw_implementation_cmake/cmake)
[0.439s] -- Found rmw_fastrtps_cpp: 6.2.7 (/opt/ros/humble/share/rmw_fastrtps_cpp/cmake)
[0.539s] -- Using RMW implementation 'rmw_fastrtps_cpp' as default
[0.585s] -- Found sensor_msgs: 4.2.4 (/opt/ros/humble/share/sensor_msgs/cmake)
[0.612s] -- Found ament_lint_auto: 0.12.11 (/opt/ros/humble/share/ament_lint_auto/cmake)
[0.671s] -- Added test 'flake8' to check Python code syntax and style conventions
[0.672s] -- Added test 'lint_cmake' to check CMake code style
[0.672s] -- Added test 'pep257' to check Python code against some of the docstring style conventions in PEP 257
[0.672s] -- Added test 'xmllint' to check XML markup files
[0.673s] -- Configuring done
[0.676s] -- Generating done
[0.678s] -- Build files have been written to: /home/ivan/ros2_ws_2501/build/wall_following_alpha
[0.697s] Invoked command in '/home/ivan/ros2_ws_2501/build/wall_following_alpha' returned '0': CMAKE_PREFIX_PATH=${CMAKE_PREFIX_PATH}:/home/ivan/ros2_ws_2501/install/joy_tester:/opt/ros/humble /usr/bin/cmake --build /home/ivan/ros2_ws_2501/build/wall_following_alpha -- -j12 -l12
[0.698s] Invoking command in '/home/ivan/ros2_ws_2501/build/wall_following_alpha': CMAKE_PREFIX_PATH=${CMAKE_PREFIX_PATH}:/home/ivan/ros2_ws_2501/install/joy_tester:/opt/ros/humble /usr/bin/cmake --install /home/ivan/ros2_ws_2501/build/wall_following_alpha
[0.703s] -- Install configuration: ""
[0.703s] -- Execute custom install script
[0.704s] -- Up-to-date symlink: /home/ivan/ros2_ws_2501/install/wall_following_alpha/lib/wall_following_alpha/dist_finder_alpha.py
[0.704s] -- Up-to-date symlink: /home/ivan/ros2_ws_2501/install/wall_following_alpha/lib/wall_following_alpha/control_alpha.py
[0.704s] -- Up-to-date symlink: /home/ivan/ros2_ws_2501/install/wall_following_alpha/share/wall_following_alpha/launch/wall_following_alpha.launch.py
[0.704s] -- Symlinking: /home/ivan/ros2_ws_2501/install/wall_following_alpha/share/wall_following_alpha/src/control_alpha.py
[0.710s] -- Symlinking: /home/ivan/ros2_ws_2501/install/wall_following_alpha/share/wall_following_alpha/src/dist_finder_alpha.py
[0.716s] -- Up-to-date symlink: /home/ivan/ros2_ws_2501/install/wall_following_alpha/share/ament_index/resource_index/package_run_dependencies/wall_following_alpha
[0.716s] -- Up-to-date symlink: /home/ivan/ros2_ws_2501/install/wall_following_alpha/share/ament_index/resource_index/parent_prefix_path/wall_following_alpha
[0.716s] -- Up-to-date symlink: /home/ivan/ros2_ws_2501/install/wall_following_alpha/share/wall_following_alpha/environment/ament_prefix_path.sh
[0.716s] -- Up-to-date symlink: /home/ivan/ros2_ws_2501/install/wall_following_alpha/share/wall_following_alpha/environment/ament_prefix_path.dsv
[0.717s] -- Up-to-date symlink: /home/ivan/ros2_ws_2501/install/wall_following_alpha/share/wall_following_alpha/environment/path.sh
[0.717s] -- Up-to-date symlink: /home/ivan/ros2_ws_2501/install/wall_following_alpha/share/wall_following_alpha/environment/path.dsv
[0.717s] -- Up-to-date symlink: /home/ivan/ros2_ws_2501/install/wall_following_alpha/share/wall_following_alpha/local_setup.bash
[0.717s] -- Up-to-date symlink: /home/ivan/ros2_ws_2501/install/wall_following_alpha/share/wall_following_alpha/local_setup.sh
[0.717s] -- Up-to-date symlink: /home/ivan/ros2_ws_2501/install/wall_following_alpha/share/wall_following_alpha/local_setup.zsh
[0.718s] -- Up-to-date symlink: /home/ivan/ros2_ws_2501/install/wall_following_alpha/share/wall_following_alpha/local_setup.dsv
[0.718s] -- Symlinking: /home/ivan/ros2_ws_2501/install/wall_following_alpha/share/wall_following_alpha/package.dsv
[0.724s] -- Up-to-date symlink: /home/ivan/ros2_ws_2501/install/wall_following_alpha/share/ament_index/resource_index/packages/wall_following_alpha
[0.724s] -- Up-to-date symlink: /home/ivan/ros2_ws_2501/install/wall_following_alpha/share/wall_following_alpha/cmake/wall_following_alphaConfig.cmake
[0.724s] -- Up-to-date symlink: /home/ivan/ros2_ws_2501/install/wall_following_alpha/share/wall_following_alpha/cmake/wall_following_alphaConfig-version.cmake
[0.724s] -- Up-to-date symlink: /home/ivan/ros2_ws_2501/install/wall_following_alpha/share/wall_following_alpha/package.xml
[0.726s] Invoked command in '/home/ivan/ros2_ws_2501/build/wall_following_alpha' returned '0': CMAKE_PREFIX_PATH=${CMAKE_PREFIX_PATH}:/home/ivan/ros2_ws_2501/install/joy_tester:/opt/ros/humble /usr/bin/cmake --install /home/ivan/ros2_ws_2501/build/wall_following_alpha
