-- Install configuration: ""
-- Execute custom install script
-- Up-to-date symlink: /home/ivan/ros2_ws_2501/install/f112th_sim_2501_alpha/share/f112th_sim_2501_alpha/config/empty.yaml
-- Symlinking: /home/ivan/ros2_ws_2501/install/f112th_sim_2501_alpha/share/f112th_sim_2501_alpha/description/inertial_macros.urdf.xacro
-- Symlinking: /home/ivan/ros2_ws_2501/install/f112th_sim_2501_alpha/share/f112th_sim_2501_alpha/description/properties.urdf.xacro
-- Up-to-date symlink: /home/ivan/ros2_ws_2501/install/f112th_sim_2501_alpha/share/f112th_sim_2501_alpha/description/robot.urdf.xacro
-- Symlinking: /home/ivan/ros2_ws_2501/install/f112th_sim_2501_alpha/share/f112th_sim_2501_alpha/description/robot_core.urdf.xacro
-- Up-to-date symlink: /home/ivan/ros2_ws_2501/install/f112th_sim_2501_alpha/share/f112th_sim_2501_alpha/description/rviz_model.rviz
-- Up-to-date symlink: /home/ivan/ros2_ws_2501/install/f112th_sim_2501_alpha/share/f112th_sim_2501_alpha/launch/rsp.launch.py
-- Up-to-date symlink: /home/ivan/ros2_ws_2501/install/f112th_sim_2501_alpha/share/f112th_sim_2501_alpha/worlds/empty.world
-- Up-to-date symlink: /home/ivan/ros2_ws_2501/install/f112th_sim_2501_alpha/share/ament_index/resource_index/package_run_dependencies/f112th_sim_2501_alpha
-- Up-to-date symlink: /home/ivan/ros2_ws_2501/install/f112th_sim_2501_alpha/share/ament_index/resource_index/parent_prefix_path/f112th_sim_2501_alpha
-- Up-to-date symlink: /home/ivan/ros2_ws_2501/install/f112th_sim_2501_alpha/share/f112th_sim_2501_alpha/environment/ament_prefix_path.sh
-- Up-to-date symlink: /home/ivan/ros2_ws_2501/install/f112th_sim_2501_alpha/share/f112th_sim_2501_alpha/environment/ament_prefix_path.dsv
-- Up-to-date symlink: /home/ivan/ros2_ws_2501/install/f112th_sim_2501_alpha/share/f112th_sim_2501_alpha/environment/path.sh
-- Up-to-date symlink: /home/ivan/ros2_ws_2501/install/f112th_sim_2501_alpha/share/f112th_sim_2501_alpha/environment/path.dsv
-- Up-to-date symlink: /home/ivan/ros2_ws_2501/install/f112th_sim_2501_alpha/share/f112th_sim_2501_alpha/local_setup.bash
-- Up-to-date symlink: /home/ivan/ros2_ws_2501/install/f112th_sim_2501_alpha/share/f112th_sim_2501_alpha/local_setup.sh
-- Up-to-date symlink: /home/ivan/ros2_ws_2501/install/f112th_sim_2501_alpha/share/f112th_sim_2501_alpha/local_setup.zsh
-- Up-to-date symlink: /home/ivan/ros2_ws_2501/install/f112th_sim_2501_alpha/share/f112th_sim_2501_alpha/local_setup.dsv
-- Symlinking: /home/ivan/ros2_ws_2501/install/f112th_sim_2501_alpha/share/f112th_sim_2501_alpha/package.dsv
-- Up-to-date symlink: /home/ivan/ros2_ws_2501/install/f112th_sim_2501_alpha/share/ament_index/resource_index/packages/f112th_sim_2501_alpha
-- Up-to-date symlink: /home/ivan/ros2_ws_2501/install/f112th_sim_2501_alpha/share/f112th_sim_2501_alpha/cmake/f112th_sim_2501_alphaConfig.cmake
-- Up-to-date symlink: /home/ivan/ros2_ws_2501/install/f112th_sim_2501_alpha/share/f112th_sim_2501_alpha/cmake/f112th_sim_2501_alphaConfig-version.cmake
-- Up-to-date symlink: /home/ivan/ros2_ws_2501/install/f112th_sim_2501_alpha/share/f112th_sim_2501_alpha/package.xml
