-- The C compiler identification is GNU 11.4.0
-- The CXX compiler identification is GNU 11.4.0
-- Detecting C compiler ABI info
-- Detecting C compiler ABI info - done
-- Check for working C compiler: /usr/bin/cc - skipped
-- Detecting C compile features
-- Detecting C compile features - done
-- Detecting CXX compiler ABI info
-- Detecting CXX compiler ABI info - done
-- Check for working CXX compiler: /usr/bin/c++ - skipped
-- Detecting CXX compile features
-- Detecting CXX compile features - done
-- Found ament_cmake: 1.3.11 (/opt/ros/humble/share/ament_cmake/cmake)
-- Found Python3: /usr/bin/python3 (found version "3.10.12") found components: Interpreter 
-- Override CMake install command with custom implementation using symlinks instead of copying resources
-- Found rclcpp: 16.0.11 (/opt/ros/humble/share/rclcpp/cmake)
-- Found rosidl_generator_c: 3.1.6 (/opt/ros/humble/share/rosidl_generator_c/cmake)
-- Found rosidl_adapter: 3.1.6 (/opt/ros/humble/share/rosidl_adapter/cmake)
-- Found rosidl_generator_cpp: 3.1.6 (/opt/ros/humble/share/rosidl_generator_cpp/cmake)
-- Using all available rosidl_typesupport_c: rosidl_typesupport_fastrtps_c;rosidl_typesupport_introspection_c
-- Using all available rosidl_typesupport_cpp: rosidl_typesupport_fastrtps_cpp;rosidl_typesupport_introspection_cpp
-- Found rmw_implementation_cmake: 6.1.2 (/opt/ros/humble/share/rmw_implementation_cmake/cmake)
-- Found rmw_fastrtps_cpp: 6.2.7 (/opt/ros/humble/share/rmw_fastrtps_cpp/cmake)
-- Found OpenSSL: /usr/lib/x86_64-linux-gnu/libcrypto.so (found version "3.0.2")  
-- Found FastRTPS: /opt/ros/humble/include  
-- Using RMW implementation 'rmw_fastrtps_cpp' as default
-- Looking for pthread.h
-- Looking for pthread.h - found
-- Performing Test CMAKE_HAVE_LIBC_PTHREAD
-- Performing Test CMAKE_HAVE_LIBC_PTHREAD - Success
-- Found Threads: TRUE  
-- Found sensor_msgs: 4.2.4 (/opt/ros/humble/share/sensor_msgs/cmake)
-- Found ament_lint_auto: 0.12.11 (/opt/ros/humble/share/ament_lint_auto/cmake)
-- Added test 'copyright' to check source files copyright and LICENSE
-- Added test 'cppcheck' to perform static code analysis on C / C++ code
-- Configured cppcheck include dirs: 
-- Configured cppcheck exclude dirs and/or files: 
-- Added test 'cpplint' to check C / C++ code against the Google style
-- Configured cpplint exclude dirs and/or files: 
-- Added test 'flake8' to check Python code syntax and style conventions
-- Added test 'lint_cmake' to check CMake code style
-- Added test 'pep257' to check Python code against some of the docstring style conventions in PEP 257
-- Added test 'uncrustify' to check C / C++ code style
-- Configured uncrustify additional arguments: 
-- Added test 'xmllint' to check XML markup files
-- Configuring done
-- Generating done
-- Build files have been written to: /home/ivan/ros2_ws_2501/build/f112th_sim_2501_alpha
[ 50%] [32mBuilding CXX object CMakeFiles/laser_scan_reader.dir/src/laser_scan_reader.cpp.o[0m
[100%] [32m[1mLinking CXX executable laser_scan_reader[0m
[100%] Built target laser_scan_reader
-- Install configuration: ""
-- Execute custom install script
-- Symlinking: /home/ivan/ros2_ws_2501/install/f112th_sim_2501_alpha/lib/f112th_sim_2501_alpha/laser_scan_reader
-- Symlinking: /home/ivan/ros2_ws_2501/install/f112th_sim_2501_alpha/share/f112th_sim_2501_alpha/config/joystick.yaml
-- Symlinking: /home/ivan/ros2_ws_2501/install/f112th_sim_2501_alpha/share/f112th_sim_2501_alpha/config/parms.yaml
-- Symlinking: /home/ivan/ros2_ws_2501/install/f112th_sim_2501_alpha/share/f112th_sim_2501_alpha/config/twist_mux.yaml
-- Symlinking: /home/ivan/ros2_ws_2501/install/f112th_sim_2501_alpha/share/f112th_sim_2501_alpha/description/acker.urdf.xacro
-- Symlinking: /home/ivan/ros2_ws_2501/install/f112th_sim_2501_alpha/share/f112th_sim_2501_alpha/description/gazebo_control.xacro
-- Symlinking: /home/ivan/ros2_ws_2501/install/f112th_sim_2501_alpha/share/f112th_sim_2501_alpha/description/inertial_macros.xacro
-- Symlinking: /home/ivan/ros2_ws_2501/install/f112th_sim_2501_alpha/share/f112th_sim_2501_alpha/description/lidar.xacro
-- Symlinking: /home/ivan/ros2_ws_2501/install/f112th_sim_2501_alpha/share/f112th_sim_2501_alpha/description/properties.xacro
-- Symlinking: /home/ivan/ros2_ws_2501/install/f112th_sim_2501_alpha/share/f112th_sim_2501_alpha/description/robot.urdf.xacro
-- Symlinking: /home/ivan/ros2_ws_2501/install/f112th_sim_2501_alpha/share/f112th_sim_2501_alpha/description/robot_core.xacro
-- Symlinking: /home/ivan/ros2_ws_2501/install/f112th_sim_2501_alpha/share/f112th_sim_2501_alpha/description/rviz_model.rviz
-- Symlinking: /home/ivan/ros2_ws_2501/install/f112th_sim_2501_alpha/share/f112th_sim_2501_alpha/launch/acker.launch.py
-- Symlinking: /home/ivan/ros2_ws_2501/install/f112th_sim_2501_alpha/share/f112th_sim_2501_alpha/launch/joystick.launch.py
-- Symlinking: /home/ivan/ros2_ws_2501/install/f112th_sim_2501_alpha/share/f112th_sim_2501_alpha/launch/launch_sim.launch.py
-- Symlinking: /home/ivan/ros2_ws_2501/install/f112th_sim_2501_alpha/share/f112th_sim_2501_alpha/launch/launch_sim_ackerman.launch.py
-- Symlinking: /home/ivan/ros2_ws_2501/install/f112th_sim_2501_alpha/share/f112th_sim_2501_alpha/launch/rsp.launch.py
-- Symlinking: /home/ivan/ros2_ws_2501/install/f112th_sim_2501_alpha/share/f112th_sim_2501_alpha/launch/twist_mux.launch.py
-- Symlinking: /home/ivan/ros2_ws_2501/install/f112th_sim_2501_alpha/share/f112th_sim_2501_alpha/worlds/1frstworld.world
-- Symlinking: /home/ivan/ros2_ws_2501/install/f112th_sim_2501_alpha/share/f112th_sim_2501_alpha/worlds/empty.world
-- Symlinking: /home/ivan/ros2_ws_2501/install/f112th_sim_2501_alpha/share/f112th_sim_2501_alpha/worlds/my_world.world
-- Symlinking: /home/ivan/ros2_ws_2501/install/f112th_sim_2501_alpha/share/f112th_sim_2501_alpha/worlds/wall/model.config
-- Symlinking: /home/ivan/ros2_ws_2501/install/f112th_sim_2501_alpha/share/f112th_sim_2501_alpha/worlds/wall/model.sdf
-- Symlinking: /home/ivan/ros2_ws_2501/install/f112th_sim_2501_alpha/share/f112th_sim_2501_alpha/worlds/wall2/model.config
-- Symlinking: /home/ivan/ros2_ws_2501/install/f112th_sim_2501_alpha/share/f112th_sim_2501_alpha/worlds/wall2/model.sdf
-- Symlinking: /home/ivan/ros2_ws_2501/install/f112th_sim_2501_alpha/share/f112th_sim_2501_alpha/src/laser_scan_reader.cpp
-- Symlinking: /home/ivan/ros2_ws_2501/install/f112th_sim_2501_alpha/share/ament_index/resource_index/package_run_dependencies/f112th_sim_2501_alpha
-- Symlinking: /home/ivan/ros2_ws_2501/install/f112th_sim_2501_alpha/share/ament_index/resource_index/parent_prefix_path/f112th_sim_2501_alpha
-- Symlinking: /home/ivan/ros2_ws_2501/install/f112th_sim_2501_alpha/share/f112th_sim_2501_alpha/environment/ament_prefix_path.sh
-- Symlinking: /home/ivan/ros2_ws_2501/install/f112th_sim_2501_alpha/share/f112th_sim_2501_alpha/environment/ament_prefix_path.dsv
-- Symlinking: /home/ivan/ros2_ws_2501/install/f112th_sim_2501_alpha/share/f112th_sim_2501_alpha/environment/path.sh
-- Symlinking: /home/ivan/ros2_ws_2501/install/f112th_sim_2501_alpha/share/f112th_sim_2501_alpha/environment/path.dsv
-- Symlinking: /home/ivan/ros2_ws_2501/install/f112th_sim_2501_alpha/share/f112th_sim_2501_alpha/local_setup.bash
-- Symlinking: /home/ivan/ros2_ws_2501/install/f112th_sim_2501_alpha/share/f112th_sim_2501_alpha/local_setup.sh
-- Symlinking: /home/ivan/ros2_ws_2501/install/f112th_sim_2501_alpha/share/f112th_sim_2501_alpha/local_setup.zsh
-- Symlinking: /home/ivan/ros2_ws_2501/install/f112th_sim_2501_alpha/share/f112th_sim_2501_alpha/local_setup.dsv
-- Symlinking: /home/ivan/ros2_ws_2501/install/f112th_sim_2501_alpha/share/f112th_sim_2501_alpha/package.dsv
-- Symlinking: /home/ivan/ros2_ws_2501/install/f112th_sim_2501_alpha/share/ament_index/resource_index/packages/f112th_sim_2501_alpha
-- Symlinking: /home/ivan/ros2_ws_2501/install/f112th_sim_2501_alpha/share/f112th_sim_2501_alpha/cmake/f112th_sim_2501_alphaConfig.cmake
-- Symlinking: /home/ivan/ros2_ws_2501/install/f112th_sim_2501_alpha/share/f112th_sim_2501_alpha/cmake/f112th_sim_2501_alphaConfig-version.cmake
-- Symlinking: /home/ivan/ros2_ws_2501/install/f112th_sim_2501_alpha/share/f112th_sim_2501_alpha/package.xml
