[0.012s] Invoking command in '/home/ivan/ros2_ws_2501/build/f112th_sim_2501_alpha': CMAKE_PREFIX_PATH=${CMAKE_PREFIX_PATH}:/home/ivan/ros2_ws_2501/install/joy_tester:/opt/ros/humble /usr/bin/cmake --build /home/ivan/ros2_ws_2501/build/f112th_sim_2501_alpha -- -j12 -l12
[0.027s] -- Found ament_cmake: 1.3.11 (/opt/ros/humble/share/ament_cmake/cmake)
[0.118s] -- Override CMake install command with custom implementation using symlinks instead of copying resources
[0.123s] -- Found rclpy: 3.3.15 (/opt/ros/humble/share/rclpy/cmake)
[0.131s] [31mCMake Error at CMakeLists.txt:21 (find_package):
[0.131s]   By not providing "Findament_python.cmake" in CMAKE_MODULE_PATH this project
[0.131s]   has asked CMake to find a package configuration file provided by
[0.131s]   "ament_python", but CMake did not find one.
[0.131s] 
[0.131s]   Could not find a package configuration file provided by "ament_python" with
[0.131s]   any of the following names:
[0.132s] 
[0.132s]     ament_pythonConfig.cmake
[0.132s]     ament_python-config.cmake
[0.132s] 
[0.132s]   Add the installation prefix of "ament_python" to CMAKE_PREFIX_PATH or set
[0.132s]   "ament_python_DIR" to a directory containing one of the above files.  If
[0.132s]   "ament_python" provides a separate development package or SDK, be sure it
[0.132s]   has been installed.
[0.132s] 
[0.132s] [0m
[0.132s] -- Configuring incomplete, errors occurred!
[0.132s] See also "/home/ivan/ros2_ws_2501/build/f112th_sim_2501_alpha/CMakeFiles/CMakeOutput.log".
[0.133s] gmake: *** [Makefile:226: cmake_check_build_system] Error 1
[0.217s] Invoked command in '/home/ivan/ros2_ws_2501/build/f112th_sim_2501_alpha' returned '2': CMAKE_PREFIX_PATH=${CMAKE_PREFIX_PATH}:/home/ivan/ros2_ws_2501/install/joy_tester:/opt/ros/humble /usr/bin/cmake --build /home/ivan/ros2_ws_2501/build/f112th_sim_2501_alpha -- -j12 -l12
